{"uid":"675198f07b663c5b","name":"test_oauth[chromium]","fullName":"tests.integration.test_charm#test_oauth","historyId":"c97f80c7d772daddd191cf2b90101a07","time":{"start":1764337045343,"stop":1764337180663,"duration":135320},"description":"\n    arrange: integrate the penpot charm with an oauth provider.\n    act: login penpot using openid connect.\n    assert: login success.\n    ","descriptionHtml":"<pre><code>arrange: integrate the penpot charm with an oauth provider.\nact: login penpot using openid connect.\nassert: login success.\n</code></pre>\n","status":"failed","statusMessage":"AssertionError: Page URL expected to be 're.compile('^https://penpot\\\\.local/#/auth/register.*')'\nActual value: https://penpot.local/#/auth/login?error=unable-to-auth&hint=%28certificate_unknown%29+PKIX+path+building+failed%3A+sun.security.provider.certpath.SunCertPathBuilderException%3A+unable+to+find+valid+certification+path+to+requested+target \nCall log:\n  - Expect \"to_have_url\" with timeout 5000ms\n    - waiting for\" https://10.64.140.44/testing-hydra/oauth2/auth?client_id=3b274191-72cf-4f2a-b6c7-3edf8682799c&consent_verifier=7VqIJ0OrAaYpR6yIHi_31Oz6roHvho-iJcwyTCw08krQRahnmBZhFciKjyImNj44085Rxe9P_EA6beqOVMcb4gLu…\" navigation to finish...\n    - navigated to \"https://penpot.local/#/auth/login?error=unable-to-auth&hint=%28certificate_unknown%29+PKIX+path+building+failed%3A+sun.security.provider.certpath.SunCertPathBuilderException%3A+unable+to+find+valid+c…\"\n    2 × unexpected value \"https://penpot.local/#/auth/login?error=unable-to-auth&hint=%28certificate_unknown%29+PKIX+path+building+failed%3A+sun.security.provider.certpath.SunCertPathBuilderException%3A+unable+to+find+valid+certification+path+to+requested+target\"","statusTrace":"Traceback (most recent call last):\n  File \"/home/runner/work/penpot-operator/penpot-operator/.tox/integration/lib/python3.12/site-packages/_pytest/runner.py\", line 353, in from_call\n    result: TResult | None = func()\n                             ^^^^^^\n  File \"/home/runner/work/penpot-operator/penpot-operator/.tox/integration/lib/python3.12/site-packages/_pytest/runner.py\", line 245, in <lambda>\n    lambda: runtest_hook(item=item, **kwds),\n            ^^^^^^^^^^^^^^^^^^^^^^^^^^^^^^^\n  File \"/home/runner/work/penpot-operator/penpot-operator/.tox/integration/lib/python3.12/site-packages/pluggy/_hooks.py\", line 512, in __call__\n    return self._hookexec(self.name, self._hookimpls.copy(), kwargs, firstresult)\n           ^^^^^^^^^^^^^^^^^^^^^^^^^^^^^^^^^^^^^^^^^^^^^^^^^^^^^^^^^^^^^^^^^^^^^^\n  File \"/home/runner/work/penpot-operator/penpot-operator/.tox/integration/lib/python3.12/site-packages/pluggy/_manager.py\", line 120, in _hookexec\n    return self._inner_hookexec(hook_name, methods, kwargs, firstresult)\n           ^^^^^^^^^^^^^^^^^^^^^^^^^^^^^^^^^^^^^^^^^^^^^^^^^^^^^^^^^^^^^\n  File \"/home/runner/work/penpot-operator/penpot-operator/.tox/integration/lib/python3.12/site-packages/pluggy/_callers.py\", line 167, in _multicall\n    raise exception\n  File \"/home/runner/work/penpot-operator/penpot-operator/.tox/integration/lib/python3.12/site-packages/pluggy/_callers.py\", line 139, in _multicall\n    teardown.throw(exception)\n  File \"/home/runner/work/penpot-operator/penpot-operator/.tox/integration/lib/python3.12/site-packages/_pytest/logging.py\", line 850, in pytest_runtest_call\n    yield\n  File \"/home/runner/work/penpot-operator/penpot-operator/.tox/integration/lib/python3.12/site-packages/pluggy/_callers.py\", line 139, in _multicall\n    teardown.throw(exception)\n  File \"/home/runner/work/penpot-operator/penpot-operator/.tox/integration/lib/python3.12/site-packages/pluggy/_callers.py\", line 53, in run_old_style_hookwrapper\n    return result.get_result()\n           ^^^^^^^^^^^^^^^^^^^\n  File \"/home/runner/work/penpot-operator/penpot-operator/.tox/integration/lib/python3.12/site-packages/pluggy/_result.py\", line 103, in get_result\n    raise exc.with_traceback(tb)\n  File \"/home/runner/work/penpot-operator/penpot-operator/.tox/integration/lib/python3.12/site-packages/pluggy/_callers.py\", line 38, in run_old_style_hookwrapper\n    res = yield\n          ^^^^^\n  File \"/home/runner/work/penpot-operator/penpot-operator/.tox/integration/lib/python3.12/site-packages/pluggy/_callers.py\", line 139, in _multicall\n    teardown.throw(exception)\n  File \"/home/runner/work/penpot-operator/penpot-operator/.tox/integration/lib/python3.12/site-packages/_pytest/capture.py\", line 900, in pytest_runtest_call\n    return (yield)\n            ^^^^^\n  File \"/home/runner/work/penpot-operator/penpot-operator/.tox/integration/lib/python3.12/site-packages/pluggy/_callers.py\", line 139, in _multicall\n    teardown.throw(exception)\n  File \"/home/runner/work/penpot-operator/penpot-operator/.tox/integration/lib/python3.12/site-packages/_pytest/skipping.py\", line 268, in pytest_runtest_call\n    return (yield)\n            ^^^^^\n  File \"/home/runner/work/penpot-operator/penpot-operator/.tox/integration/lib/python3.12/site-packages/pluggy/_callers.py\", line 121, in _multicall\n    res = hook_impl.function(*args)\n          ^^^^^^^^^^^^^^^^^^^^^^^^^\n  File \"/home/runner/work/penpot-operator/penpot-operator/.tox/integration/lib/python3.12/site-packages/_pytest/runner.py\", line 179, in pytest_runtest_call\n    item.runtest()\n  File \"/home/runner/work/penpot-operator/penpot-operator/.tox/integration/lib/python3.12/site-packages/_pytest/python.py\", line 1720, in runtest\n    self.ihook.pytest_pyfunc_call(pyfuncitem=self)\n  File \"/home/runner/work/penpot-operator/penpot-operator/.tox/integration/lib/python3.12/site-packages/pluggy/_hooks.py\", line 512, in __call__\n    return self._hookexec(self.name, self._hookimpls.copy(), kwargs, firstresult)\n           ^^^^^^^^^^^^^^^^^^^^^^^^^^^^^^^^^^^^^^^^^^^^^^^^^^^^^^^^^^^^^^^^^^^^^^\n  File \"/home/runner/work/penpot-operator/penpot-operator/.tox/integration/lib/python3.12/site-packages/pluggy/_manager.py\", line 120, in _hookexec\n    return self._inner_hookexec(hook_name, methods, kwargs, firstresult)\n           ^^^^^^^^^^^^^^^^^^^^^^^^^^^^^^^^^^^^^^^^^^^^^^^^^^^^^^^^^^^^^\n  File \"/home/runner/work/penpot-operator/penpot-operator/.tox/integration/lib/python3.12/site-packages/pluggy/_callers.py\", line 167, in _multicall\n    raise exception\n  File \"/home/runner/work/penpot-operator/penpot-operator/.tox/integration/lib/python3.12/site-packages/pluggy/_callers.py\", line 139, in _multicall\n    teardown.throw(exception)\n  File \"/home/runner/work/penpot-operator/penpot-operator/.tox/integration/lib/python3.12/site-packages/pluggy/_callers.py\", line 53, in run_old_style_hookwrapper\n    return result.get_result()\n           ^^^^^^^^^^^^^^^^^^^\n  File \"/home/runner/work/penpot-operator/penpot-operator/.tox/integration/lib/python3.12/site-packages/pluggy/_result.py\", line 103, in get_result\n    raise exc.with_traceback(tb)\n  File \"/home/runner/work/penpot-operator/penpot-operator/.tox/integration/lib/python3.12/site-packages/pluggy/_callers.py\", line 38, in run_old_style_hookwrapper\n    res = yield\n          ^^^^^\n  File \"/home/runner/work/penpot-operator/penpot-operator/.tox/integration/lib/python3.12/site-packages/pluggy/_callers.py\", line 121, in _multicall\n    res = hook_impl.function(*args)\n          ^^^^^^^^^^^^^^^^^^^^^^^^^\n  File \"/home/runner/work/penpot-operator/penpot-operator/.tox/integration/lib/python3.12/site-packages/_pytest/python.py\", line 166, in pytest_pyfunc_call\n    result = testfunction(**testargs)\n             ^^^^^^^^^^^^^^^^^^^^^^^^\n  File \"/home/runner/work/penpot-operator/penpot-operator/.tox/integration/lib/python3.12/site-packages/pytest_asyncio/plugin.py\", line 529, in inner\n    _loop.run_until_complete(task)\n  File \"/usr/lib/python3.12/asyncio/base_events.py\", line 687, in run_until_complete\n    return future.result()\n           ^^^^^^^^^^^^^^^\n  File \"/home/runner/work/penpot-operator/penpot-operator/tests/integration/test_charm.py\", line 219, in test_oauth\n    await expect(page).to_have_url(re.compile(\"^https://penpot\\\\.local/#/auth/register.*\"))\n  File \"/home/runner/work/penpot-operator/penpot-operator/.tox/integration/lib/python3.12/site-packages/playwright/async_api/_generated.py\", line 18989, in to_have_url\n    await self._impl_obj.to_have_url(\n  File \"/home/runner/work/penpot-operator/penpot-operator/.tox/integration/lib/python3.12/site-packages/playwright/_impl/_assertions.py\", line 147, in to_have_url\n    await self._expect_impl(\n  File \"/home/runner/work/penpot-operator/penpot-operator/.tox/integration/lib/python3.12/site-packages/playwright/_impl/_assertions.py\", line 85, in _expect_impl\n    raise AssertionError(\nAssertionError: Page URL expected to be 're.compile('^https://penpot\\\\.local/#/auth/register.*')'\nActual value: https://penpot.local/#/auth/login?error=unable-to-auth&hint=%28certificate_unknown%29+PKIX+path+building+failed%3A+sun.security.provider.certpath.SunCertPathBuilderException%3A+unable+to+find+valid+certification+path+to+requested+target \nCall log:\n  - Expect \"to_have_url\" with timeout 5000ms\n    - waiting for\" https://10.64.140.44/testing-hydra/oauth2/auth?client_id=3b274191-72cf-4f2a-b6c7-3edf8682799c&consent_verifier=7VqIJ0OrAaYpR6yIHi_31Oz6roHvho-iJcwyTCw08krQRahnmBZhFciKjyImNj44085Rxe9P_EA6beqOVMcb4gLu…\" navigation to finish...\n    - navigated to \"https://penpot.local/#/auth/login?error=unable-to-auth&hint=%28certificate_unknown%29+PKIX+path+building+failed%3A+sun.security.provider.certpath.SunCertPathBuilderException%3A+unable+to+find+valid+c…\"\n    2 × unexpected value \"https://penpot.local/#/auth/login?error=unable-to-auth&hint=%28certificate_unknown%29+PKIX+path+building+failed%3A+sun.security.provider.certpath.SunCertPathBuilderException%3A+unable+to+find+valid+certification+path+to+requested+target\"","flaky":false,"newFailed":false,"newBroken":false,"newPassed":false,"retriesCount":1,"retriesStatusChange":true,"beforeStages":[{"name":"event_loop","time":{"start":1764336315833,"stop":1764336315834,"duration":1},"status":"passed","steps":[],"attachments":[],"parameters":[],"shouldDisplayMessage":false,"stepsCount":0,"attachmentsCount":0,"hasContent":false,"attachmentStep":false},{"name":"tmp_path_factory","time":{"start":1764336315834,"stop":1764336315834,"duration":0},"status":"passed","steps":[],"attachments":[],"parameters":[],"shouldDisplayMessage":false,"stepsCount":0,"attachmentsCount":0,"hasContent":false,"attachmentStep":false},{"name":"base_url","time":{"start":1764336315834,"stop":1764336315834,"duration":0},"status":"passed","steps":[],"attachments":[],"parameters":[],"shouldDisplayMessage":false,"stepsCount":0,"attachmentsCount":0,"hasContent":false,"attachmentStep":false},{"name":"client","time":{"start":1764336315834,"stop":1764336315871,"duration":37},"status":"passed","steps":[],"attachments":[],"parameters":[],"shouldDisplayMessage":false,"stepsCount":0,"attachmentsCount":0,"hasContent":false,"attachmentStep":false},{"name":"pytestconfig","time":{"start":1764336315834,"stop":1764336315834,"duration":0},"status":"passed","steps":[],"attachments":[],"parameters":[],"shouldDisplayMessage":false,"stepsCount":0,"attachmentsCount":0,"hasContent":false,"attachmentStep":false},{"name":"delete_output_dir","time":{"start":1764336315834,"stop":1764336315834,"duration":0},"status":"passed","steps":[],"attachments":[],"parameters":[],"shouldDisplayMessage":false,"stepsCount":0,"attachmentsCount":0,"hasContent":false,"attachmentStep":false},{"name":"_verify_url","time":{"start":1764336315834,"stop":1764336315834,"duration":0},"status":"passed","steps":[],"attachments":[],"parameters":[],"shouldDisplayMessage":false,"stepsCount":0,"attachmentsCount":0,"hasContent":false,"attachmentStep":false},{"name":"ops_test","time":{"start":1764336315871,"stop":1764336316126,"duration":255},"status":"passed","steps":[],"attachments":[],"parameters":[],"shouldDisplayMessage":false,"stepsCount":0,"attachmentsCount":0,"hasContent":false,"attachmentStep":false},{"name":"ext_idp_service","time":{"start":1764336375528,"stop":1764336386017,"duration":10489},"status":"passed","steps":[],"attachments":[],"parameters":[],"shouldDisplayMessage":false,"stepsCount":0,"attachmentsCount":0,"hasContent":false,"attachmentStep":false},{"name":"playwright","time":{"start":1764337043278,"stop":1764337044230,"duration":952},"status":"passed","steps":[],"attachments":[],"parameters":[],"shouldDisplayMessage":false,"stepsCount":0,"attachmentsCount":0,"hasContent":false,"attachmentStep":false},{"name":"launch_arguments","time":{"start":1764337043278,"stop":1764337043278,"duration":0},"status":"passed","steps":[],"attachments":[],"parameters":[],"shouldDisplayMessage":false,"stepsCount":0,"attachmentsCount":0,"hasContent":false,"attachmentStep":false},{"name":"browser_type","time":{"start":1764337044230,"stop":1764337044230,"duration":0},"status":"passed","steps":[],"attachments":[],"parameters":[],"shouldDisplayMessage":false,"stepsCount":0,"attachmentsCount":0,"hasContent":false,"attachmentStep":false},{"name":"browser_factory","time":{"start":1764337044230,"stop":1764337044231,"duration":1},"status":"passed","steps":[],"attachments":[],"parameters":[],"shouldDisplayMessage":false,"stepsCount":0,"attachmentsCount":0,"hasContent":false,"attachmentStep":false},{"name":"browser","time":{"start":1764337044231,"stop":1764337045256,"duration":1025},"status":"passed","steps":[],"attachments":[],"parameters":[],"shouldDisplayMessage":false,"stepsCount":0,"attachmentsCount":0,"hasContent":false,"attachmentStep":false},{"name":"abort_on_fail","time":{"start":1764337045256,"stop":1764337045256,"duration":0},"status":"passed","steps":[],"attachments":[],"parameters":[],"shouldDisplayMessage":false,"stepsCount":0,"attachmentsCount":0,"hasContent":false,"attachmentStep":false},{"name":"context","time":{"start":1764337045257,"stop":1764337045270,"duration":13},"status":"passed","steps":[],"attachments":[],"parameters":[],"shouldDisplayMessage":false,"stepsCount":0,"attachmentsCount":0,"hasContent":false,"attachmentStep":false},{"name":"context_factory","time":{"start":1764337045257,"stop":1764337045257,"duration":0},"status":"passed","steps":[],"attachments":[],"parameters":[],"shouldDisplayMessage":false,"stepsCount":0,"attachmentsCount":0,"hasContent":false,"attachmentStep":false},{"name":"page","time":{"start":1764337045270,"stop":1764337045342,"duration":72},"status":"passed","steps":[],"attachments":[],"parameters":[],"shouldDisplayMessage":false,"stepsCount":0,"attachmentsCount":0,"hasContent":false,"attachmentStep":false}],"testStage":{"description":"\n    arrange: integrate the penpot charm with an oauth provider.\n    act: login penpot using openid connect.\n    assert: login success.\n    ","status":"failed","statusMessage":"AssertionError: Page URL expected to be 're.compile('^https://penpot\\\\.local/#/auth/register.*')'\nActual value: https://penpot.local/#/auth/login?error=unable-to-auth&hint=%28certificate_unknown%29+PKIX+path+building+failed%3A+sun.security.provider.certpath.SunCertPathBuilderException%3A+unable+to+find+valid+certification+path+to+requested+target \nCall log:\n  - Expect \"to_have_url\" with timeout 5000ms\n    - waiting for\" https://10.64.140.44/testing-hydra/oauth2/auth?client_id=3b274191-72cf-4f2a-b6c7-3edf8682799c&consent_verifier=7VqIJ0OrAaYpR6yIHi_31Oz6roHvho-iJcwyTCw08krQRahnmBZhFciKjyImNj44085Rxe9P_EA6beqOVMcb4gLu…\" navigation to finish...\n    - navigated to \"https://penpot.local/#/auth/login?error=unable-to-auth&hint=%28certificate_unknown%29+PKIX+path+building+failed%3A+sun.security.provider.certpath.SunCertPathBuilderException%3A+unable+to+find+valid+c…\"\n    2 × unexpected value \"https://penpot.local/#/auth/login?error=unable-to-auth&hint=%28certificate_unknown%29+PKIX+path+building+failed%3A+sun.security.provider.certpath.SunCertPathBuilderException%3A+unable+to+find+valid+certification+path+to+requested+target\"","statusTrace":"Traceback (most recent call last):\n  File \"/home/runner/work/penpot-operator/penpot-operator/.tox/integration/lib/python3.12/site-packages/_pytest/runner.py\", line 353, in from_call\n    result: TResult | None = func()\n                             ^^^^^^\n  File \"/home/runner/work/penpot-operator/penpot-operator/.tox/integration/lib/python3.12/site-packages/_pytest/runner.py\", line 245, in <lambda>\n    lambda: runtest_hook(item=item, **kwds),\n            ^^^^^^^^^^^^^^^^^^^^^^^^^^^^^^^\n  File \"/home/runner/work/penpot-operator/penpot-operator/.tox/integration/lib/python3.12/site-packages/pluggy/_hooks.py\", line 512, in __call__\n    return self._hookexec(self.name, self._hookimpls.copy(), kwargs, firstresult)\n           ^^^^^^^^^^^^^^^^^^^^^^^^^^^^^^^^^^^^^^^^^^^^^^^^^^^^^^^^^^^^^^^^^^^^^^\n  File \"/home/runner/work/penpot-operator/penpot-operator/.tox/integration/lib/python3.12/site-packages/pluggy/_manager.py\", line 120, in _hookexec\n    return self._inner_hookexec(hook_name, methods, kwargs, firstresult)\n           ^^^^^^^^^^^^^^^^^^^^^^^^^^^^^^^^^^^^^^^^^^^^^^^^^^^^^^^^^^^^^\n  File \"/home/runner/work/penpot-operator/penpot-operator/.tox/integration/lib/python3.12/site-packages/pluggy/_callers.py\", line 167, in _multicall\n    raise exception\n  File \"/home/runner/work/penpot-operator/penpot-operator/.tox/integration/lib/python3.12/site-packages/pluggy/_callers.py\", line 139, in _multicall\n    teardown.throw(exception)\n  File \"/home/runner/work/penpot-operator/penpot-operator/.tox/integration/lib/python3.12/site-packages/_pytest/logging.py\", line 850, in pytest_runtest_call\n    yield\n  File \"/home/runner/work/penpot-operator/penpot-operator/.tox/integration/lib/python3.12/site-packages/pluggy/_callers.py\", line 139, in _multicall\n    teardown.throw(exception)\n  File \"/home/runner/work/penpot-operator/penpot-operator/.tox/integration/lib/python3.12/site-packages/pluggy/_callers.py\", line 53, in run_old_style_hookwrapper\n    return result.get_result()\n           ^^^^^^^^^^^^^^^^^^^\n  File \"/home/runner/work/penpot-operator/penpot-operator/.tox/integration/lib/python3.12/site-packages/pluggy/_result.py\", line 103, in get_result\n    raise exc.with_traceback(tb)\n  File \"/home/runner/work/penpot-operator/penpot-operator/.tox/integration/lib/python3.12/site-packages/pluggy/_callers.py\", line 38, in run_old_style_hookwrapper\n    res = yield\n          ^^^^^\n  File \"/home/runner/work/penpot-operator/penpot-operator/.tox/integration/lib/python3.12/site-packages/pluggy/_callers.py\", line 139, in _multicall\n    teardown.throw(exception)\n  File \"/home/runner/work/penpot-operator/penpot-operator/.tox/integration/lib/python3.12/site-packages/_pytest/capture.py\", line 900, in pytest_runtest_call\n    return (yield)\n            ^^^^^\n  File \"/home/runner/work/penpot-operator/penpot-operator/.tox/integration/lib/python3.12/site-packages/pluggy/_callers.py\", line 139, in _multicall\n    teardown.throw(exception)\n  File \"/home/runner/work/penpot-operator/penpot-operator/.tox/integration/lib/python3.12/site-packages/_pytest/skipping.py\", line 268, in pytest_runtest_call\n    return (yield)\n            ^^^^^\n  File \"/home/runner/work/penpot-operator/penpot-operator/.tox/integration/lib/python3.12/site-packages/pluggy/_callers.py\", line 121, in _multicall\n    res = hook_impl.function(*args)\n          ^^^^^^^^^^^^^^^^^^^^^^^^^\n  File \"/home/runner/work/penpot-operator/penpot-operator/.tox/integration/lib/python3.12/site-packages/_pytest/runner.py\", line 179, in pytest_runtest_call\n    item.runtest()\n  File \"/home/runner/work/penpot-operator/penpot-operator/.tox/integration/lib/python3.12/site-packages/_pytest/python.py\", line 1720, in runtest\n    self.ihook.pytest_pyfunc_call(pyfuncitem=self)\n  File \"/home/runner/work/penpot-operator/penpot-operator/.tox/integration/lib/python3.12/site-packages/pluggy/_hooks.py\", line 512, in __call__\n    return self._hookexec(self.name, self._hookimpls.copy(), kwargs, firstresult)\n           ^^^^^^^^^^^^^^^^^^^^^^^^^^^^^^^^^^^^^^^^^^^^^^^^^^^^^^^^^^^^^^^^^^^^^^\n  File \"/home/runner/work/penpot-operator/penpot-operator/.tox/integration/lib/python3.12/site-packages/pluggy/_manager.py\", line 120, in _hookexec\n    return self._inner_hookexec(hook_name, methods, kwargs, firstresult)\n           ^^^^^^^^^^^^^^^^^^^^^^^^^^^^^^^^^^^^^^^^^^^^^^^^^^^^^^^^^^^^^\n  File \"/home/runner/work/penpot-operator/penpot-operator/.tox/integration/lib/python3.12/site-packages/pluggy/_callers.py\", line 167, in _multicall\n    raise exception\n  File \"/home/runner/work/penpot-operator/penpot-operator/.tox/integration/lib/python3.12/site-packages/pluggy/_callers.py\", line 139, in _multicall\n    teardown.throw(exception)\n  File \"/home/runner/work/penpot-operator/penpot-operator/.tox/integration/lib/python3.12/site-packages/pluggy/_callers.py\", line 53, in run_old_style_hookwrapper\n    return result.get_result()\n           ^^^^^^^^^^^^^^^^^^^\n  File \"/home/runner/work/penpot-operator/penpot-operator/.tox/integration/lib/python3.12/site-packages/pluggy/_result.py\", line 103, in get_result\n    raise exc.with_traceback(tb)\n  File \"/home/runner/work/penpot-operator/penpot-operator/.tox/integration/lib/python3.12/site-packages/pluggy/_callers.py\", line 38, in run_old_style_hookwrapper\n    res = yield\n          ^^^^^\n  File \"/home/runner/work/penpot-operator/penpot-operator/.tox/integration/lib/python3.12/site-packages/pluggy/_callers.py\", line 121, in _multicall\n    res = hook_impl.function(*args)\n          ^^^^^^^^^^^^^^^^^^^^^^^^^\n  File \"/home/runner/work/penpot-operator/penpot-operator/.tox/integration/lib/python3.12/site-packages/_pytest/python.py\", line 166, in pytest_pyfunc_call\n    result = testfunction(**testargs)\n             ^^^^^^^^^^^^^^^^^^^^^^^^\n  File \"/home/runner/work/penpot-operator/penpot-operator/.tox/integration/lib/python3.12/site-packages/pytest_asyncio/plugin.py\", line 529, in inner\n    _loop.run_until_complete(task)\n  File \"/usr/lib/python3.12/asyncio/base_events.py\", line 687, in run_until_complete\n    return future.result()\n           ^^^^^^^^^^^^^^^\n  File \"/home/runner/work/penpot-operator/penpot-operator/tests/integration/test_charm.py\", line 219, in test_oauth\n    await expect(page).to_have_url(re.compile(\"^https://penpot\\\\.local/#/auth/register.*\"))\n  File \"/home/runner/work/penpot-operator/penpot-operator/.tox/integration/lib/python3.12/site-packages/playwright/async_api/_generated.py\", line 18989, in to_have_url\n    await self._impl_obj.to_have_url(\n  File \"/home/runner/work/penpot-operator/penpot-operator/.tox/integration/lib/python3.12/site-packages/playwright/_impl/_assertions.py\", line 147, in to_have_url\n    await self._expect_impl(\n  File \"/home/runner/work/penpot-operator/penpot-operator/.tox/integration/lib/python3.12/site-packages/playwright/_impl/_assertions.py\", line 85, in _expect_impl\n    raise AssertionError(\nAssertionError: Page URL expected to be 're.compile('^https://penpot\\\\.local/#/auth/register.*')'\nActual value: https://penpot.local/#/auth/login?error=unable-to-auth&hint=%28certificate_unknown%29+PKIX+path+building+failed%3A+sun.security.provider.certpath.SunCertPathBuilderException%3A+unable+to+find+valid+certification+path+to+requested+target \nCall log:\n  - Expect \"to_have_url\" with timeout 5000ms\n    - waiting for\" https://10.64.140.44/testing-hydra/oauth2/auth?client_id=3b274191-72cf-4f2a-b6c7-3edf8682799c&consent_verifier=7VqIJ0OrAaYpR6yIHi_31Oz6roHvho-iJcwyTCw08krQRahnmBZhFciKjyImNj44085Rxe9P_EA6beqOVMcb4gLu…\" navigation to finish...\n    - navigated to \"https://penpot.local/#/auth/login?error=unable-to-auth&hint=%28certificate_unknown%29+PKIX+path+building+failed%3A+sun.security.provider.certpath.SunCertPathBuilderException%3A+unable+to+find+valid+c…\"\n    2 × unexpected value \"https://penpot.local/#/auth/login?error=unable-to-auth&hint=%28certificate_unknown%29+PKIX+path+building+failed%3A+sun.security.provider.certpath.SunCertPathBuilderException%3A+unable+to+find+valid+certification+path+to+requested+target\"","steps":[],"attachments":[{"uid":"23e94d49c80cea56","name":"log","source":"23e94d49c80cea56.txt","type":"text/plain","size":21907}],"parameters":[],"shouldDisplayMessage":true,"stepsCount":0,"attachmentsCount":1,"hasContent":true,"attachmentStep":false},"afterStages":[{"name":"page::finalizer","time":{"start":1764337180669,"stop":1764337180676,"duration":7},"status":"passed","steps":[],"attachments":[],"parameters":[],"shouldDisplayMessage":false,"stepsCount":0,"attachmentsCount":0,"hasContent":false,"attachmentStep":false},{"name":"context::finalizer","time":{"start":1764337180676,"stop":1764337180683,"duration":7},"status":"passed","steps":[],"attachments":[],"parameters":[],"shouldDisplayMessage":false,"stepsCount":0,"attachmentsCount":0,"hasContent":false,"attachmentStep":false},{"name":"abort_on_fail::0","time":{"start":1764337180684,"stop":1764337180684,"duration":0},"status":"passed","steps":[],"attachments":[],"parameters":[],"shouldDisplayMessage":false,"stepsCount":0,"attachmentsCount":0,"hasContent":false,"attachmentStep":false},{"name":"context_factory::finalizer","time":{"start":1764337180684,"stop":1764337180684,"duration":0},"status":"passed","steps":[],"attachments":[],"parameters":[],"shouldDisplayMessage":false,"stepsCount":0,"attachmentsCount":0,"hasContent":false,"attachmentStep":false},{"name":"browser::finalizer","time":{"start":1764337180684,"stop":1764337180714,"duration":30},"status":"passed","steps":[],"attachments":[],"parameters":[],"shouldDisplayMessage":false,"stepsCount":0,"attachmentsCount":0,"hasContent":false,"attachmentStep":false},{"name":"browser_factory::finalizer","time":{"start":1764337180715,"stop":1764337180716,"duration":1},"status":"passed","steps":[],"attachments":[],"parameters":[],"shouldDisplayMessage":false,"stepsCount":0,"attachmentsCount":0,"hasContent":false,"attachmentStep":false},{"name":"playwright::finalizer","time":{"start":1764337180717,"stop":1764337180724,"duration":7},"status":"passed","steps":[],"attachments":[],"parameters":[],"shouldDisplayMessage":false,"stepsCount":0,"attachmentsCount":0,"hasContent":false,"attachmentStep":false},{"name":"ext_idp_service::0","time":{"start":1764337180724,"stop":1764337180724,"duration":0},"status":"passed","steps":[],"attachments":[],"parameters":[],"shouldDisplayMessage":false,"stepsCount":0,"attachmentsCount":0,"hasContent":false,"attachmentStep":false},{"name":"ops_test::finalizer","time":{"start":1764337180725,"stop":1764337181221,"duration":496},"status":"passed","steps":[],"attachments":[],"parameters":[],"shouldDisplayMessage":false,"stepsCount":0,"attachmentsCount":0,"hasContent":false,"attachmentStep":false},{"name":"event_loop::2","time":{"start":1764337181222,"stop":1764337181222,"duration":0},"status":"passed","steps":[],"attachments":[],"parameters":[],"shouldDisplayMessage":false,"stepsCount":0,"attachmentsCount":0,"hasContent":false,"attachmentStep":false},{"name":"event_loop::_close_event_loop","time":{"start":1764337181222,"stop":1764337181222,"duration":0},"status":"passed","steps":[],"attachments":[],"parameters":[],"shouldDisplayMessage":false,"stepsCount":0,"attachmentsCount":0,"hasContent":false,"attachmentStep":false},{"name":"event_loop::_provide_clean_event_loop","time":{"start":1764337181222,"stop":1764337181223,"duration":1},"status":"passed","steps":[],"attachments":[],"parameters":[],"shouldDisplayMessage":false,"stepsCount":0,"attachmentsCount":0,"hasContent":false,"attachmentStep":false}],"labels":[{"name":"tag","value":"asyncio"},{"name":"parentSuite","value":"tests.integration"},{"name":"suite","value":"test_charm"},{"name":"host","value":"runnervmg1sw1"},{"name":"thread","value":"25601-MainThread"},{"name":"framework","value":"pytest"},{"name":"language","value":"cpython3"},{"name":"package","value":"tests.integration.test_charm"},{"name":"resultFormat","value":"allure2"}],"parameters":[{"name":"browser_name","value":"'chromium'"}],"links":[],"hidden":false,"retry":false,"extra":{"severity":"normal","retries":[{"uid":"3a43789f83694efa","status":"unknown","time":{}}],"categories":[{"name":"Product defects","matchedStatuses":[]}],"history":{"statistic":{"failed":3,"broken":0,"skipped":0,"passed":3,"unknown":4,"total":10},"items":[{"uid":"6f859c7ba8a5d519","reportUrl":"../233//#testresult/6f859c7ba8a5d519","status":"unknown","time":{}},{"uid":"f22617384cefdcbd","reportUrl":"../234//#testresult/f22617384cefdcbd","status":"unknown","time":{}},{"uid":"590da0155b60f231","reportUrl":"../232//#testresult/590da0155b60f231","status":"unknown","time":{}},{"uid":"f759b61e276a050c","reportUrl":"../228//#testresult/f759b61e276a050c","status":"unknown","time":{}},{"uid":"19bfe46c860376bf","reportUrl":"../227//#testresult/19bfe46c860376bf","status":"failed","statusDetails":"AssertionError: Page URL expected to be 're.compile('https://10.64.140.44/testing-identity-platform-login-ui-operator/ui/login*')'\nActual value: https://10.64.140.44/testing-identity-platform-login-ui-operator/ui/error \nCall log:\n  - Expect \"to_have_url\" with timeout 5000ms\n    6 × unexpected value \"https://10.64.140.44/testing-identity-platform-login-ui-operator/ui/error\"","time":{"start":1764112047568,"stop":1764112262674,"duration":215106}},{"uid":"121f685d7ba3a231","reportUrl":"../209//#testresult/121f685d7ba3a231","status":"passed","time":{"start":1762842790059,"stop":1762842934082,"duration":144023}},{"uid":"158b6a1fad0b0fc4","reportUrl":"../208//#testresult/158b6a1fad0b0fc4","status":"passed","time":{"start":1762839655723,"stop":1762839801116,"duration":145393}},{"uid":"28c57ca8d930bd24","reportUrl":"../207//#testresult/28c57ca8d930bd24","status":"failed","statusDetails":"AssertionError: Page URL expected to be 're.compile('^https://penpot\\\\.local/#/auth/register.*')'\nActual value: None \nCall log:\n  - Expect \"to_have_url\" with timeout 5000ms","time":{"start":1761670512115,"stop":1761670667289,"duration":155174}},{"uid":"d331997fb29cbff9","reportUrl":"../205//#testresult/d331997fb29cbff9","status":"passed","time":{"start":1761649048201,"stop":1761649201597,"duration":153396}}]},"tags":["asyncio"]},"source":"675198f07b663c5b.json","parameterValues":["'chromium'"]}