[32mINFO    [0m integration.test_charm:test_charm.py:39 copying oauth ca cert into penpot/0
[32mINFO    [0m integration.test_charm:test_charm.py:59 copying oauth ca cert into penpot/0 result: -----BEGIN CERTIFICATE-----
MIIDZzCCAk+gAwIBAgIULRaLKr3qGWGT1dKKHnfr4tS9amwwDQYJKoZIhvcNAQEL
BQAwOTELMAkGA1UEBhMCVVMxKjAoBgNVBAMMIXNlbGYtc2lnbmVkLWNlcnRpZmlj
YXRlcy1vcGVyYXRvcjAeFw0yNjAxMzExNTE5NDJaFw0yNzAxMzExNTE5NDJaMDkx
CzAJBgNVBAYTAlVTMSowKAYDVQQDDCFzZWxmLXNpZ25lZC1jZXJ0aWZpY2F0ZXMt
b3BlcmF0b3IwggEiMA0GCSqGSIb3DQEBAQUAA4IBDwAwggEKAoIBAQC3xSMKeF0Z
UiJHYnn/bO1mqpktWWxqzDxVg7v8ZsWlJGwVYd++TN0wDztAMzdaVXRxVh464dqH
VFoTjYVyRo0eGiPQNuFlbxhEr8TnxrkXYClxZjtY38gIpvB8voYQhpE7cB1l8IQ3
DYnoxeQRu2eZs+wTDMe6gKcjZNTjwG0K2que/X/3EBWRhfSlop9oH1x8lCL4Eryb
D/GSL09KD+H778YuUm1cCqyw/pX3TNIvmPjIwJmSDRucujOhKAoS0+XJfsqcnlXn
zSsZgee2yEQK3p15ZIBkp5KRw+usWAC2xnVgKDCoNSImobIzRNpxASM1LhH7kWgX
+X6GSKGcQV7NAgMBAAGjZzBlMB8GA1UdDgQYBBYEFN1bmNWQGWkRM7X/45H/2ywp
ozRUMCEGA1UdIwQaMBiAFgQU3VuY1ZAZaREztf/jkf/bLCmjNFQwDgYDVR0PAQH/
BAQDAgKkMA8GA1UdEwEB/wQFMAMBAf8wDQYJKoZIhvcNAQELBQADggEBAF8ZUc+S
AEuRbuQCvfY2Gro9l+V8l9WlGw0YVahr8YvWtjlPZF0CE9C8aP68yFgyB8Q3gdE6
Q22kfUn59FN3uL3LuhHjUUeRHVkaH2Ro3bcZGrot0QdVCBoORXlZo6phQ04+Oha4
mUmMQ1UMyfjS3uh6s5suW31JSwy+xRdd8U8NEEJO81pCVTCllE8sVZ3JoOwVipJE
iYvEF3KmR868J3CsjpDB+7dm1ebO37ypZH4ZidkAQoV6mWXxZHGKKJyB9y0+FK0/
tDj2KiBJRZGJIbBPk0CEDjvfmosTrxdx5mYngSWV9dzrHe8YJ409L2s/W9drpPUg
DgD7WpCd18hhF9U=
-----END CERTIFICATE-----

[32mINFO    [0m integration.test_charm:test_charm.py:60 installing oauth ca cert into penpot/penpot/0 java trust
[32mINFO    [0m integration.test_charm:test_charm.py:78 keytool import result: 0, , Warning: use -cacerts option to access cacerts keystore
Certificate was added to keystore

[32mINFO    [0m integration.test_charm:test_charm.py:79 restart penpot backend in penpot/penpot/0
[32mINFO    [0m integration.test_charm:test_charm.py:39 copying oauth ca cert into penpot/1
[32mINFO    [0m integration.test_charm:test_charm.py:59 copying oauth ca cert into penpot/1 result: -----BEGIN CERTIFICATE-----
MIIDZzCCAk+gAwIBAgIULRaLKr3qGWGT1dKKHnfr4tS9amwwDQYJKoZIhvcNAQEL
BQAwOTELMAkGA1UEBhMCVVMxKjAoBgNVBAMMIXNlbGYtc2lnbmVkLWNlcnRpZmlj
YXRlcy1vcGVyYXRvcjAeFw0yNjAxMzExNTE5NDJaFw0yNzAxMzExNTE5NDJaMDkx
CzAJBgNVBAYTAlVTMSowKAYDVQQDDCFzZWxmLXNpZ25lZC1jZXJ0aWZpY2F0ZXMt
b3BlcmF0b3IwggEiMA0GCSqGSIb3DQEBAQUAA4IBDwAwggEKAoIBAQC3xSMKeF0Z
UiJHYnn/bO1mqpktWWxqzDxVg7v8ZsWlJGwVYd++TN0wDztAMzdaVXRxVh464dqH
VFoTjYVyRo0eGiPQNuFlbxhEr8TnxrkXYClxZjtY38gIpvB8voYQhpE7cB1l8IQ3
DYnoxeQRu2eZs+wTDMe6gKcjZNTjwG0K2que/X/3EBWRhfSlop9oH1x8lCL4Eryb
D/GSL09KD+H778YuUm1cCqyw/pX3TNIvmPjIwJmSDRucujOhKAoS0+XJfsqcnlXn
zSsZgee2yEQK3p15ZIBkp5KRw+usWAC2xnVgKDCoNSImobIzRNpxASM1LhH7kWgX
+X6GSKGcQV7NAgMBAAGjZzBlMB8GA1UdDgQYBBYEFN1bmNWQGWkRM7X/45H/2ywp
ozRUMCEGA1UdIwQaMBiAFgQU3VuY1ZAZaREztf/jkf/bLCmjNFQwDgYDVR0PAQH/
BAQDAgKkMA8GA1UdEwEB/wQFMAMBAf8wDQYJKoZIhvcNAQELBQADggEBAF8ZUc+S
AEuRbuQCvfY2Gro9l+V8l9WlGw0YVahr8YvWtjlPZF0CE9C8aP68yFgyB8Q3gdE6
Q22kfUn59FN3uL3LuhHjUUeRHVkaH2Ro3bcZGrot0QdVCBoORXlZo6phQ04+Oha4
mUmMQ1UMyfjS3uh6s5suW31JSwy+xRdd8U8NEEJO81pCVTCllE8sVZ3JoOwVipJE
iYvEF3KmR868J3CsjpDB+7dm1ebO37ypZH4ZidkAQoV6mWXxZHGKKJyB9y0+FK0/
tDj2KiBJRZGJIbBPk0CEDjvfmosTrxdx5mYngSWV9dzrHe8YJ409L2s/W9drpPUg
DgD7WpCd18hhF9U=
-----END CERTIFICATE-----

[32mINFO    [0m integration.test_charm:test_charm.py:60 installing oauth ca cert into penpot/penpot/1 java trust
[32mINFO    [0m integration.test_charm:test_charm.py:78 keytool import result: 0, , Warning: use -cacerts option to access cacerts keystore
Certificate was added to keystore

[32mINFO    [0m integration.test_charm:test_charm.py:79 restart penpot backend in penpot/penpot/1
[33mWARNING [0m juju.model:model.py:1564 relate is deprecated and will be removed. Use integrate instead.
[32mINFO    [0m juju.model:model.py:2972 Waiting for model:
  minio/0 [idle] active: 
  hydra/0 [executing] active: 
  identity-platform-login-ui-operator/0 [idle] active: 
  kratos/0 [idle] active: 
  kratos-external-idp-integrator/0 [idle] active: Provider is ready
  postgresql-k8s/0 [idle] active: Primary
  self-signed-certificates/0 [idle] active: 
  traefik-admin/0 [idle] active: 
  traefik-public/0 [idle] active: 
  penpot/0 [executing] active: 
  penpot/1 [executing] active: 
  redis-k8s/0 [idle] active: 
  smtp-integrator/0 [idle] active: 
  s3-integrator/0 [idle] active: 
  nginx-ingress-integrator/0 [idle] active: Ingress IP(s): 127.0.0.1
[32mINFO    [0m juju.model:model.py:2972 Waiting for model:
  penpot/0 [executing] waiting: waiting for penpot services
  penpot/1 [executing] waiting: waiting for penpot services
[32mINFO    [0m juju.model:model.py:2972 Waiting for model:
  hydra/0 [idle] active: 
  penpot/0 [executing] waiting: waiting for penpot services
  penpot/1 [executing] waiting: waiting for penpot services
[32mINFO    [0m juju.model:model.py:2972 Waiting for model:
  traefik-admin/0 [idle] active: 
  penpot/0 [idle] waiting: waiting for penpot services
  penpot/1 [idle] waiting: waiting for penpot services
[32mINFO    [0m juju.model:model.py:2972 Waiting for model:
  penpot/0 [idle] waiting: waiting for penpot services
  penpot/1 [idle] waiting: waiting for penpot services
[32mINFO    [0m juju.model:model.py:2972 Waiting for model:
  penpot/0 [idle] waiting: waiting for penpot services
  penpot/1 [idle] waiting: waiting for penpot services
[32mINFO    [0m juju.model:model.py:2972 Waiting for model:
  penpot/0 [executing] waiting: waiting for penpot services
  penpot/1 [executing] waiting: waiting for penpot services
[32mINFO    [0m juju.model:model.py:2972 Waiting for model:
  penpot/0 [executing] waiting: waiting for penpot services
  penpot/1 [executing] waiting: waiting for penpot services
[32mINFO    [0m juju.model:model.py:2972 Waiting for model:
  penpot/0 [idle] active: 
  penpot/1 [idle] active: 
[32mINFO    [0m oauth_tools.oauth_helpers:oauth_helpers.py:181 Choose external provider
[32mINFO    [0m oauth_tools.oauth_helpers:oauth_helpers.py:186 Completing the login flow on the external provider
[32mINFO    [0m oauth_tools.external_idp:external_idp.py:214 Signing in to dex
[32mINFO    [0m httpx:_client.py:1025 HTTP Request: GET https://10.1.0.115:16443/api/v1/namespaces/dex/services/dex "HTTP/1.1 200 OK"
[1m[31mERROR   [0m integration.test_charm:test_charm.py:255 login failed, retry in 60 seconds
Traceback (most recent call last):
  File "/home/runner/work/penpot-operator/penpot-operator/tests/integration/test_charm.py", line 253, in test_oauth
    await expect(page).to_have_url(re.compile("^https://penpot\\.local/#/auth/register.*"))
  File "/home/runner/work/penpot-operator/penpot-operator/.tox/integration/lib/python3.12/site-packages/playwright/async_api/_generated.py", line 19076, in to_have_url
    await self._impl_obj.to_have_url(
  File "/home/runner/work/penpot-operator/penpot-operator/.tox/integration/lib/python3.12/site-packages/playwright/_impl/_assertions.py", line 147, in to_have_url
    await self._expect_impl(
  File "/home/runner/work/penpot-operator/penpot-operator/.tox/integration/lib/python3.12/site-packages/playwright/_impl/_assertions.py", line 85, in _expect_impl
    raise AssertionError(
AssertionError: Page URL expected to be 're.compile('^https://penpot\\.local/#/auth/register.*')'
Actual value: https://penpot.local/#/auth/login?error=unable-to-auth&hint=%28certificate_unknown%29+PKIX+path+building+failed%3A+sun.security.provider.certpath.SunCertPathBuilderException%3A+unable+to+find+valid+certification+path+to+requested+target 
Call log:
  - Expect "to_have_url" with timeout 5000ms
    - waiting for" https://10.64.140.45/testing-hydra/oauth2/auth?client_id=cd15f0fe-4b20-4ab5-b517-b64e1606e312&consent_verifier=Agy0bcKDbkxPmi2JAnXo6Qn0CZzbxkoQR3bgvLpW9KxADc33gjIhIw9A4Ah6Uy5wfgHGJWe0h_yRPWHh8F9U1MAWâ€¦" navigation to finish...
    - navigated to "https://penpot.local/#/auth/login?error=unable-to-auth&hint=%28certificate_unknown%29+PKIX+path+building+failed%3A+sun.security.provider.certpath.SunCertPathBuilderException%3A+unable+to+find+valid+câ€¦"
    4 Ã— unexpected value "https://penpot.local/#/auth/login?error=unable-to-auth&hint=%28certificate_unknown%29+PKIX+path+building+failed%3A+sun.security.provider.certpath.SunCertPathBuilderException%3A+unable+to+find+valid+certification+path+to+requested+target"

[32mINFO    [0m oauth_tools.oauth_helpers:oauth_helpers.py:181 Choose external provider
[1m[31mERROR   [0m integration.test_charm:test_charm.py:252 failed to complete login, maybe already logged in, skipping
Traceback (most recent call last):
  File "/home/runner/work/penpot-operator/penpot-operator/tests/integration/test_charm.py", line 246, in test_oauth
    await complete_auth_code_login(
  File "/home/runner/work/penpot-operator/penpot-operator/.tox/integration/lib/python3.12/site-packages/oauth_tools/oauth_helpers.py", line 182, in complete_auth_code_login
    await expect(page).to_have_url(re.compile(rf"{expected_url}*"))
  File "/home/runner/work/penpot-operator/penpot-operator/.tox/integration/lib/python3.12/site-packages/playwright/async_api/_generated.py", line 19076, in to_have_url
    await self._impl_obj.to_have_url(
  File "/home/runner/work/penpot-operator/penpot-operator/.tox/integration/lib/python3.12/site-packages/playwright/_impl/_assertions.py", line 147, in to_have_url
    await self._expect_impl(
  File "/home/runner/work/penpot-operator/penpot-operator/.tox/integration/lib/python3.12/site-packages/playwright/_impl/_assertions.py", line 85, in _expect_impl
    raise AssertionError(
AssertionError: Page URL expected to be 're.compile('https://10.64.140.45/testing-identity-platform-login-ui-operator/ui/login*')'
Actual value: https://penpot.local/#/auth/login?error=unable-to-auth&hint=%28certificate_unknown%29+PKIX+path+building+failed%3A+sun.security.provider.certpath.SunCertPathBuilderException%3A+unable+to+find+valid+certification+path+to+requested+target 
Call log:
  - Expect "to_have_url" with timeout 5000ms
    - waiting for" https://penpot.local/api/auth/oauth/oidc/callback?code=ory_ac_LYSdIAYtm2PM-kC8kXMyRzHRu2biHt3QiZcsyUhHF9c.rYXk81ipuPeyg3DPpDb5ITRlyx_2qdjsJwvXx7OFx0U&scope=profile+email+openid&state=eyJhbGciOiJBMjU2â€¦" navigation to finish...
    - navigated to "https://penpot.local/#/auth/login?error=unable-to-auth&hint=%28certificate_unknown%29+PKIX+path+building+failed%3A+sun.security.provider.certpath.SunCertPathBuilderException%3A+unable+to+find+valid+câ€¦"
    6 Ã— unexpected value "https://penpot.local/#/auth/login?error=unable-to-auth&hint=%28certificate_unknown%29+PKIX+path+building+failed%3A+sun.security.provider.certpath.SunCertPathBuilderException%3A+unable+to+find+valid+certification+path+to+requested+target"

[1m[31mERROR   [0m integration.test_charm:test_charm.py:255 login failed, retry in 60 seconds
Traceback (most recent call last):
  File "/home/runner/work/penpot-operator/penpot-operator/tests/integration/test_charm.py", line 253, in test_oauth
    await expect(page).to_have_url(re.compile("^https://penpot\\.local/#/auth/register.*"))
  File "/home/runner/work/penpot-operator/penpot-operator/.tox/integration/lib/python3.12/site-packages/playwright/async_api/_generated.py", line 19076, in to_have_url
    await self._impl_obj.to_have_url(
  File "/home/runner/work/penpot-operator/penpot-operator/.tox/integration/lib/python3.12/site-packages/playwright/_impl/_assertions.py", line 147, in to_have_url
    await self._expect_impl(
  File "/home/runner/work/penpot-operator/penpot-operator/.tox/integration/lib/python3.12/site-packages/playwright/_impl/_assertions.py", line 85, in _expect_impl
    raise AssertionError(
AssertionError: Page URL expected to be 're.compile('^https://penpot\\.local/#/auth/register.*')'
Actual value: https://penpot.local/#/auth/login?error=unable-to-auth&hint=%28certificate_unknown%29+PKIX+path+building+failed%3A+sun.security.provider.certpath.SunCertPathBuilderException%3A+unable+to+find+valid+certification+path+to+requested+target 
Call log:
  - Expect "to_have_url" with timeout 5000ms
    9 Ã— unexpected value "https://penpot.local/#/auth/login?error=unable-to-auth&hint=%28certificate_unknown%29+PKIX+path+building+failed%3A+sun.security.provider.certpath.SunCertPathBuilderException%3A+unable+to+find+valid+certification+path+to+requested+target"

[32mINFO    [0m oauth_tools.oauth_helpers:oauth_helpers.py:181 Choose external provider
[1m[31mERROR   [0m integration.test_charm:test_charm.py:252 failed to complete login, maybe already logged in, skipping
Traceback (most recent call last):
  File "/home/runner/work/penpot-operator/penpot-operator/tests/integration/test_charm.py", line 246, in test_oauth
    await complete_auth_code_login(
  File "/home/runner/work/penpot-operator/penpot-operator/.tox/integration/lib/python3.12/site-packages/oauth_tools/oauth_helpers.py", line 182, in complete_auth_code_login
    await expect(page).to_have_url(re.compile(rf"{expected_url}*"))
  File "/home/runner/work/penpot-operator/penpot-operator/.tox/integration/lib/python3.12/site-packages/playwright/async_api/_generated.py", line 19076, in to_have_url
    await self._impl_obj.to_have_url(
  File "/home/runner/work/penpot-operator/penpot-operator/.tox/integration/lib/python3.12/site-packages/playwright/_impl/_assertions.py", line 147, in to_have_url
    await self._expect_impl(
  File "/home/runner/work/penpot-operator/penpot-operator/.tox/integration/lib/python3.12/site-packages/playwright/_impl/_assertions.py", line 85, in _expect_impl
    raise AssertionError(
AssertionError: Page URL expected to be 're.compile('https://10.64.140.45/testing-identity-platform-login-ui-operator/ui/login*')'
Actual value: https://penpot.local/#/auth/login?error=unable-to-auth&hint=%28certificate_unknown%29+PKIX+path+building+failed%3A+sun.security.provider.certpath.SunCertPathBuilderException%3A+unable+to+find+valid+certification+path+to+requested+target 
Call log:
  - Expect "to_have_url" with timeout 5000ms
    - waiting for" https://penpot.local/api/auth/oauth/oidc/callback?code=ory_ac_RXNHgiiqgw2cR5xAWSL8b8faJ3sgPZZZeeffka7IBTo.aeOOLIOIgEcf3m9Vp_9jHTZ7GWlOLsoxEGygOiOVvZY&scope=profile+email+openid&state=eyJhbGciOiJBMjU2â€¦" navigation to finish...
    - navigated to "https://penpot.local/#/auth/login?error=unable-to-auth&hint=%28certificate_unknown%29+PKIX+path+building+failed%3A+sun.security.provider.certpath.SunCertPathBuilderException%3A+unable+to+find+valid+câ€¦"
    6 Ã— unexpected value "https://penpot.local/#/auth/login?error=unable-to-auth&hint=%28certificate_unknown%29+PKIX+path+building+failed%3A+sun.security.provider.certpath.SunCertPathBuilderException%3A+unable+to+find+valid+certification+path+to+requested+target"

[1m[31mERROR   [0m integration.test_charm:test_charm.py:255 login failed, retry in 60 seconds
Traceback (most recent call last):
  File "/home/runner/work/penpot-operator/penpot-operator/tests/integration/test_charm.py", line 253, in test_oauth
    await expect(page).to_have_url(re.compile("^https://penpot\\.local/#/auth/register.*"))
  File "/home/runner/work/penpot-operator/penpot-operator/.tox/integration/lib/python3.12/site-packages/playwright/async_api/_generated.py", line 19076, in to_have_url
    await self._impl_obj.to_have_url(
  File "/home/runner/work/penpot-operator/penpot-operator/.tox/integration/lib/python3.12/site-packages/playwright/_impl/_assertions.py", line 147, in to_have_url
    await self._expect_impl(
  File "/home/runner/work/penpot-operator/penpot-operator/.tox/integration/lib/python3.12/site-packages/playwright/_impl/_assertions.py", line 85, in _expect_impl
    raise AssertionError(
AssertionError: Page URL expected to be 're.compile('^https://penpot\\.local/#/auth/register.*')'
Actual value: https://penpot.local/#/auth/login?error=unable-to-auth&hint=%28certificate_unknown%29+PKIX+path+building+failed%3A+sun.security.provider.certpath.SunCertPathBuilderException%3A+unable+to+find+valid+certification+path+to+requested+target 
Call log:
  - Expect "to_have_url" with timeout 5000ms
    9 Ã— unexpected value "https://penpot.local/#/auth/login?error=unable-to-auth&hint=%28certificate_unknown%29+PKIX+path+building+failed%3A+sun.security.provider.certpath.SunCertPathBuilderException%3A+unable+to+find+valid+certification+path+to+requested+target"

[32mINFO    [0m oauth_tools.oauth_helpers:oauth_helpers.py:181 Choose external provider
[1m[31mERROR   [0m integration.test_charm:test_charm.py:252 failed to complete login, maybe already logged in, skipping
Traceback (most recent call last):
  File "/home/runner/work/penpot-operator/penpot-operator/tests/integration/test_charm.py", line 246, in test_oauth
    await complete_auth_code_login(
  File "/home/runner/work/penpot-operator/penpot-operator/.tox/integration/lib/python3.12/site-packages/oauth_tools/oauth_helpers.py", line 182, in complete_auth_code_login
    await expect(page).to_have_url(re.compile(rf"{expected_url}*"))
  File "/home/runner/work/penpot-operator/penpot-operator/.tox/integration/lib/python3.12/site-packages/playwright/async_api/_generated.py", line 19076, in to_have_url
    await self._impl_obj.to_have_url(
  File "/home/runner/work/penpot-operator/penpot-operator/.tox/integration/lib/python3.12/site-packages/playwright/_impl/_assertions.py", line 147, in to_have_url
    await self._expect_impl(
  File "/home/runner/work/penpot-operator/penpot-operator/.tox/integration/lib/python3.12/site-packages/playwright/_impl/_assertions.py", line 85, in _expect_impl
    raise AssertionError(
AssertionError: Page URL expected to be 're.compile('https://10.64.140.45/testing-identity-platform-login-ui-operator/ui/login*')'
Actual value: https://penpot.local/#/auth/login?error=unable-to-auth&hint=%28certificate_unknown%29+PKIX+path+building+failed%3A+sun.security.provider.certpath.SunCertPathBuilderException%3A+unable+to+find+valid+certification+path+to+requested+target 
Call log:
  - Expect "to_have_url" with timeout 5000ms
    - waiting for" https://penpot.local/api/auth/oauth/oidc/callback?code=ory_ac_BnnvSJ5zxAmWrSVss9nntvG95OHTCp6ou264D4wdr_c.YY2pwoB3U8l6QbLituXm9MsYhTJFkb4WgNuPX3ldnVE&scope=profile+email+openid&state=eyJhbGciOiJBMjU2â€¦" navigation to finish...
    - navigated to "https://penpot.local/#/auth/login?error=unable-to-auth&hint=%28certificate_unknown%29+PKIX+path+building+failed%3A+sun.security.provider.certpath.SunCertPathBuilderException%3A+unable+to+find+valid+câ€¦"
    6 Ã— unexpected value "https://penpot.local/#/auth/login?error=unable-to-auth&hint=%28certificate_unknown%29+PKIX+path+building+failed%3A+sun.security.provider.certpath.SunCertPathBuilderException%3A+unable+to+find+valid+certification+path+to+requested+target"

[1m[31mERROR   [0m integration.test_charm:test_charm.py:255 login failed, retry in 60 seconds
Traceback (most recent call last):
  File "/home/runner/work/penpot-operator/penpot-operator/tests/integration/test_charm.py", line 253, in test_oauth
    await expect(page).to_have_url(re.compile("^https://penpot\\.local/#/auth/register.*"))
  File "/home/runner/work/penpot-operator/penpot-operator/.tox/integration/lib/python3.12/site-packages/playwright/async_api/_generated.py", line 19076, in to_have_url
    await self._impl_obj.to_have_url(
  File "/home/runner/work/penpot-operator/penpot-operator/.tox/integration/lib/python3.12/site-packages/playwright/_impl/_assertions.py", line 147, in to_have_url
    await self._expect_impl(
  File "/home/runner/work/penpot-operator/penpot-operator/.tox/integration/lib/python3.12/site-packages/playwright/_impl/_assertions.py", line 85, in _expect_impl
    raise AssertionError(
AssertionError: Page URL expected to be 're.compile('^https://penpot\\.local/#/auth/register.*')'
Actual value: https://penpot.local/#/auth/login?error=unable-to-auth&hint=%28certificate_unknown%29+PKIX+path+building+failed%3A+sun.security.provider.certpath.SunCertPathBuilderException%3A+unable+to+find+valid+certification+path+to+requested+target 
Call log:
  - Expect "to_have_url" with timeout 5000ms
    9 Ã— unexpected value "https://penpot.local/#/auth/login?error=unable-to-auth&hint=%28certificate_unknown%29+PKIX+path+building+failed%3A+sun.security.provider.certpath.SunCertPathBuilderException%3A+unable+to+find+valid+certification+path+to+requested+target"

[32mINFO    [0m oauth_tools.oauth_helpers:oauth_helpers.py:181 Choose external provider
[1m[31mERROR   [0m integration.test_charm:test_charm.py:252 failed to complete login, maybe already logged in, skipping
Traceback (most recent call last):
  File "/home/runner/work/penpot-operator/penpot-operator/tests/integration/test_charm.py", line 246, in test_oauth
    await complete_auth_code_login(
  File "/home/runner/work/penpot-operator/penpot-operator/.tox/integration/lib/python3.12/site-packages/oauth_tools/oauth_helpers.py", line 182, in complete_auth_code_login
    await expect(page).to_have_url(re.compile(rf"{expected_url}*"))
  File "/home/runner/work/penpot-operator/penpot-operator/.tox/integration/lib/python3.12/site-packages/playwright/async_api/_generated.py", line 19076, in to_have_url
    await self._impl_obj.to_have_url(
  File "/home/runner/work/penpot-operator/penpot-operator/.tox/integration/lib/python3.12/site-packages/playwright/_impl/_assertions.py", line 147, in to_have_url
    await self._expect_impl(
  File "/home/runner/work/penpot-operator/penpot-operator/.tox/integration/lib/python3.12/site-packages/playwright/_impl/_assertions.py", line 85, in _expect_impl
    raise AssertionError(
AssertionError: Page URL expected to be 're.compile('https://10.64.140.45/testing-identity-platform-login-ui-operator/ui/login*')'
Actual value: https://penpot.local/#/auth/login?error=unable-to-auth&hint=%28certificate_unknown%29+PKIX+path+building+failed%3A+sun.security.provider.certpath.SunCertPathBuilderException%3A+unable+to+find+valid+certification+path+to+requested+target 
Call log:
  - Expect "to_have_url" with timeout 5000ms
    - waiting for" https://penpot.local/" navigation to finish...
    - navigated to "https://penpot.local/#/auth/login?error=unable-to-auth&hint=%28certificate_unknown%29+PKIX+path+building+failed%3A+sun.security.provider.certpath.SunCertPathBuilderException%3A+unable+to+find+valid+câ€¦"
    6 Ã— unexpected value "https://penpot.local/#/auth/login?error=unable-to-auth&hint=%28certificate_unknown%29+PKIX+path+building+failed%3A+sun.security.provider.certpath.SunCertPathBuilderException%3A+unable+to+find+valid+certification+path+to+requested+target"

[1m[31mERROR   [0m integration.test_charm:test_charm.py:255 login failed, retry in 60 seconds
Traceback (most recent call last):
  File "/home/runner/work/penpot-operator/penpot-operator/tests/integration/test_charm.py", line 253, in test_oauth
    await expect(page).to_have_url(re.compile("^https://penpot\\.local/#/auth/register.*"))
  File "/home/runner/work/penpot-operator/penpot-operator/.tox/integration/lib/python3.12/site-packages/playwright/async_api/_generated.py", line 19076, in to_have_url
    await self._impl_obj.to_have_url(
  File "/home/runner/work/penpot-operator/penpot-operator/.tox/integration/lib/python3.12/site-packages/playwright/_impl/_assertions.py", line 147, in to_have_url
    await self._expect_impl(
  File "/home/runner/work/penpot-operator/penpot-operator/.tox/integration/lib/python3.12/site-packages/playwright/_impl/_assertions.py", line 85, in _expect_impl
    raise AssertionError(
AssertionError: Page URL expected to be 're.compile('^https://penpot\\.local/#/auth/register.*')'
Actual value: https://penpot.local/#/auth/login?error=unable-to-auth&hint=%28certificate_unknown%29+PKIX+path+building+failed%3A+sun.security.provider.certpath.SunCertPathBuilderException%3A+unable+to+find+valid+certification+path+to+requested+target 
Call log:
  - Expect "to_have_url" with timeout 5000ms
    9 Ã— unexpected value "https://penpot.local/#/auth/login?error=unable-to-auth&hint=%28certificate_unknown%29+PKIX+path+building+failed%3A+sun.security.provider.certpath.SunCertPathBuilderException%3A+unable+to+find+valid+certification+path+to+requested+target"
[32mINFO    [0m pytest_operator.plugin:plugin.py:951 Model status:

Model    Controller                Cloud/Region        Version  SLA          Timestamp
testing  github-pr-1ff92-microk8s  microk8s/localhost  3.6.14   unsupported  15:39:31Z

App                                  Version                Status  Scale  Charm                                Channel         Rev  Address         Exposed  Message
hydra                                v2.3.0                 active      1  hydra                                latest/edge     339  10.152.183.141  no       
identity-platform-login-ui-operator  0.21.2                 active      1  identity-platform-login-ui-operator  latest/edge     146  10.152.183.72   no       
kratos                               v1.3.1                 active      1  kratos                               latest/edge     500  10.152.183.218  no       
kratos-external-idp-integrator                              active      1  kratos-external-idp-integrator       latest/edge     245  10.152.183.217  no       Provider is ready
minio                                res:oci-image@220b31a  active      1  minio                                ckf-1.9/stable  383  10.152.183.93   no       
nginx-ingress-integrator             24.2.0                 active      1  nginx-ingress-integrator             latest/edge     109  10.152.183.67   no       Ingress IP(s): 127.0.0.1
penpot                                                      active      2  penpot                                                 0  10.152.183.232  no       
postgresql-k8s                       14.15                  active      1  postgresql-k8s                       14/stable       495  10.152.183.108  no       
redis-k8s                            7.2.5                  active      1  redis-k8s                            latest/edge      42  10.152.183.154  no       
s3-integrator                                               active      1  s3-integrator                        latest/stable   145  10.152.183.24   no       
self-signed-certificates                                    active      1  self-signed-certificates             latest/stable   155  10.152.183.225  no       
smtp-integrator                                             active      1  smtp-integrator                      latest/stable    93  10.152.183.178  no       
traefik-admin                        v2.11.0                active      1  traefik-k8s                          latest/stable   176  10.64.140.44    no       
traefik-public                       v2.11.0                active      1  traefik-k8s                          latest/stable   176  10.64.140.45    no       

Unit                                    Workload  Agent  Address       Ports          Message
hydra/0*                                active    idle   10.1.100.212                 
identity-platform-login-ui-operator/0*  active    idle   10.1.100.209                 
kratos-external-idp-integrator/0*       active    idle   10.1.100.217                 Provider is ready
kratos/0*                               active    idle   10.1.100.219                 
minio/0*                                active    idle   10.1.100.206  9000-9001/TCP  
nginx-ingress-integrator/0*             active    idle   10.1.100.225                 Ingress IP(s): 127.0.0.1
penpot/0*                               active    idle   10.1.100.222                 
penpot/1                                active    idle   10.1.100.223                 
postgresql-k8s/0*                       active    idle   10.1.100.213                 Primary
redis-k8s/0*                            active    idle   10.1.100.228                 
s3-integrator/0*                        active    idle   10.1.100.224                 
self-signed-certificates/0*             active    idle   10.1.100.216                 
smtp-integrator/0*                      active    idle   10.1.100.227                 
traefik-admin/0*                        active    idle   10.1.100.215                 
traefik-public/0*                       active    idle   10.1.100.220                 

[32mINFO    [0m pytest_operator.plugin:plugin.py:957 Juju error logs:

unit-kratos-0: 15:19:12 ERROR juju.worker.uniter pebble poll failed for container "kratos": failed to send pebble-ready event: terminated
model-09c35fe3-9398-4745-8d9e-808f38599627: 15:19:33 ERROR juju.worker.dependency "log-sender" manifold worker returned unexpected error: sending log message: websocket: close 1005 (no status): websocket: close sent
unit-hydra-0: 15:19:33 ERROR juju.worker.dependency "log-sender" manifold worker returned unexpected error: sending log message: websocket: close 1005 (no status): websocket: close sent
unit-postgresql-k8s-0: 15:19:33 ERROR juju.worker.dependency "log-sender" manifold worker returned unexpected error: sending log message: websocket: close 1005 (no status): websocket: close sent
unit-traefik-admin-0: 15:19:33 ERROR juju.worker.dependency "log-sender" manifold worker returned unexpected error: sending log message: websocket: close 1005 (no status): websocket: close sent
unit-identity-platform-login-ui-operator-0: 15:19:39 ERROR juju.worker.dependency "log-sender" manifold worker returned unexpected error: sending log message: websocket: close 1005 (no status): websocket: close sent
unit-postgresql-k8s-0: 15:19:51 ERROR juju.worker.dependency "log-sender" manifold worker returned unexpected error: sending log message: websocket: close 1005 (no status): websocket: close sent
unit-traefik-public-0: 15:19:51 ERROR juju.worker.dependency "log-sender" manifold worker returned unexpected error: sending log message: websocket: close 1005 (no status): websocket: close sent
unit-hydra-0: 15:19:51 ERROR juju.worker.dependency "log-sender" manifold worker returned unexpected error: sending log message: websocket: close 1005 (no status): websocket: close sent
model-09c35fe3-9398-4745-8d9e-808f38599627: 15:19:51 ERROR juju.worker.dependency "log-sender" manifold worker returned unexpected error: sending log message: websocket: close 1005 (no status): write tcp 10.1.100.202:60618->10.152.183.166:17070: write: connection reset by peer
unit-traefik-admin-0: 15:19:51 ERROR juju.worker.dependency "log-sender" manifold worker returned unexpected error: sending log message: websocket: close 1005 (no status): websocket: close sent
unit-kratos-0: 15:19:57 ERROR juju.worker.dependency "log-sender" manifold worker returned unexpected error: sending log message: websocket: close 1005 (no status): websocket: close sent
unit-self-signed-certificates-0: 15:19:58 ERROR juju.worker.dependency "log-sender" manifold worker returned unexpected error: sending log message: websocket: close 1005 (no status): write tcp 10.1.100.216:57640->10.152.183.166:17070: write: connection reset by peer
unit-kratos-external-idp-integrator-0: 15:20:03 ERROR juju.worker.dependency "log-sender" manifold worker returned unexpected error: sending log message: websocket: close 1005 (no status): websocket: close sent
unit-hydra-0: 15:20:05 ERROR juju.worker.dependency "log-sender" manifold worker returned unexpected error: sending log message: websocket: close 1005 (no status): websocket: close sent
unit-postgresql-k8s-0: 15:20:05 ERROR juju.worker.dependency "log-sender" manifold worker returned unexpected error: sending log message: websocket: close 1005 (no status): websocket: close sent
unit-traefik-public-0: 15:20:05 ERROR juju.worker.dependency "log-sender" manifold worker returned unexpected error: sending log message: websocket: close 1005 (no status): websocket: close sent
unit-traefik-admin-0: 15:20:05 ERROR juju.worker.dependency "log-sender" manifold worker returned unexpected error: sending log message: websocket: close 1005 (no status): websocket: close sent
model-09c35fe3-9398-4745-8d9e-808f38599627: 15:20:06 ERROR juju.worker.dependency "log-sender" manifold worker returned unexpected error: sending log message: websocket: close 1005 (no status): websocket: close sent
unit-kratos-0: 15:20:19 ERROR juju.worker.dependency "log-sender" manifold worker returned unexpected error: sending log message: websocket: close 1005 (no status): websocket: close sent
unit-self-signed-certificates-0: 15:20:27 ERROR juju.worker.dependency "log-sender" manifold worker returned unexpected error: sending log message: websocket: close 1005 (no status): write tcp 10.1.100.216:45982->10.152.183.166:17070: write: connection reset by peer
unit-hydra-0: 15:20:29 ERROR juju.worker.dependency "log-sender" manifold worker returned unexpected error: sending log message: websocket: close 1005 (no status): websocket: close sent
unit-traefik-admin-0: 15:20:29 ERROR juju.worker.dependency "log-sender" manifold worker returned unexpected error: sending log message: websocket: close 1005 (no status): websocket: close sent
model-09c35fe3-9398-4745-8d9e-808f38599627: 15:20:29 ERROR juju.worker.dependency "log-sender" manifold worker returned unexpected error: sending log message: write tcp 10.1.100.202:59832->10.152.183.166:17070: write: broken pipe
unit-postgresql-k8s-0: 15:20:29 ERROR juju.worker.dependency "log-sender" manifold worker returned unexpected error: sending log message: websocket: close 1005 (no status): websocket: close sent
unit-traefik-public-0: 15:20:30 ERROR juju.worker.dependency "log-sender" manifold worker returned unexpected error: sending log message: websocket: close 1005 (no status): websocket: close sent
unit-kratos-0: 15:20:39 ERROR juju.worker.dependency "log-sender" manifold worker returned unexpected error: sending log message: websocket: close 1005 (no status): websocket: close sent
unit-kratos-external-idp-integrator-0: 15:20:43 ERROR juju.worker.dependency "log-sender" manifold worker returned unexpected error: sending log message: websocket: close 1005 (no status): write tcp 10.1.100.217:57220->10.152.183.166:17070: write: connection reset by peer
unit-traefik-admin-0: 15:20:47 ERROR juju.worker.dependency "log-sender" manifold worker returned unexpected error: sending log message: websocket: close 1005 (no status): websocket: close sent
model-09c35fe3-9398-4745-8d9e-808f38599627: 15:20:49 ERROR juju.worker.dependency "log-sender" manifold worker returned unexpected error: sending log message: websocket: close 1005 (no status): websocket: close sent
unit-traefik-public-0: 15:20:49 ERROR juju.worker.dependency "log-sender" manifold worker returned unexpected error: sending log message: websocket: close 1005 (no status): websocket: close sent
unit-postgresql-k8s-0: 15:20:49 ERROR juju.worker.dependency "log-sender" manifold worker returned unexpected error: sending log message: websocket: close 1005 (no status): websocket: close sent
unit-hydra-0: 15:20:51 ERROR juju.worker.dependency "log-sender" manifold worker returned unexpected error: sending log message: websocket: close 1005 (no status): websocket: close sent
unit-kratos-0: 15:20:55 ERROR juju.worker.dependency "log-sender" manifold worker returned unexpected error: sending log message: websocket: close 1005 (no status): websocket: close sent
application-minio: 15:21:30 ERROR juju.worker.dependency "log-sender" manifold worker returned unexpected error: sending log message: websocket: close 1005 (no status): websocket: close sent
unit-kratos-0: 15:21:48 ERROR juju.worker.dependency "log-sender" manifold worker returned unexpected error: sending log message: websocket: close 1005 (no status): websocket: close sent
unit-postgresql-k8s-0: 15:21:49 ERROR juju.worker.dependency "log-sender" manifold worker returned unexpected error: sending log message: websocket: close 1005 (no status): websocket: close sent
unit-traefik-public-0: 15:21:53 ERROR juju.worker.dependency "log-sender" manifold worker returned unexpected error: sending log message: websocket: close 1005 (no status): websocket: close sent
unit-hydra-0: 15:22:06 ERROR juju.worker.dependency "log-sender" manifold worker returned unexpected error: sending log message: websocket: close 1005 (no status): websocket: close sent
model-09c35fe3-9398-4745-8d9e-808f38599627: 15:22:22 ERROR juju.worker.dependency "log-sender" manifold worker returned unexpected error: sending log message: websocket: close 1005 (no status): websocket: close sent
unit-traefik-admin-0: 15:22:25 ERROR juju.worker.dependency "log-sender" manifold worker returned unexpected error: sending log message: websocket: close 1005 (no status): websocket: close sent
unit-kratos-0: 15:22:37 ERROR juju.worker.dependency "log-sender" manifold worker returned unexpected error: sending log message: websocket: close 1005 (no status): websocket: close sent
unit-postgresql-k8s-0: 15:22:39 ERROR juju.worker.dependency "log-sender" manifold worker returned unexpected error: sending log message: websocket: close 1005 (no status): websocket: close sent
unit-traefik-public-0: 15:22:43 ERROR juju.worker.dependency "log-sender" manifold worker returned unexpected error: sending log message: websocket: close 1005 (no status): websocket: close sent
unit-hydra-0: 15:22:56 ERROR juju.worker.dependency "log-sender" manifold worker returned unexpected error: sending log message: websocket: close 1005 (no status): websocket: close sent
unit-kratos-0: 15:24:43 ERROR juju.worker.dependency "log-sender" manifold worker returned unexpected error: sending log message: websocket: close 1005 (no status): websocket: close sent
model-09c35fe3-9398-4745-8d9e-808f38599627: 15:25:54 ERROR juju.worker.dependency "log-sender" manifold worker returned unexpected error: sending log message: websocket: close 1005 (no status): websocket: close sent
unit-postgresql-k8s-0: 15:27:10 ERROR juju.worker.dependency "log-sender" manifold worker returned unexpected error: sending log message: websocket: close 1005 (no status): websocket: close sent
unit-traefik-public-0: 15:27:13 ERROR juju.worker.dependency "log-sender" manifold worker returned unexpected error: sending log message: websocket: close 1005 (no status): websocket: close sent
unit-redis-k8s-0: 15:27:16 ERROR juju.worker.dependency "log-sender" manifold worker returned unexpected error: sending log message: websocket: close 1005 (no status): websocket: close sent
model-09c35fe3-9398-4745-8d9e-808f38599627: 15:27:16 ERROR juju.worker.dependency "log-sender" manifold worker returned unexpected error: sending log message: websocket: close 1005 (no status): write tcp 10.1.100.202:40132->10.152.183.166:17070: write: broken pipe
unit-penpot-1: 15:27:17 ERROR juju.worker.dependency "log-sender" manifold worker returned unexpected error: sending log message: websocket: close 1005 (no status): websocket: close sent
unit-penpot-0: 15:27:17 ERROR juju.worker.dependency "log-sender" manifold worker returned unexpected error: sending log message: websocket: close 1005 (no status): websocket: close sent
unit-nginx-ingress-integrator-0: 15:27:17 ERROR juju.worker.dependency "log-sender" manifold worker returned unexpected error: sending log message: websocket: close 1005 (no status): websocket: close sent
unit-hydra-0: 15:27:26 ERROR juju.worker.dependency "log-sender" manifold worker returned unexpected error: sending log message: websocket: close 1005 (no status): websocket: close sent
unit-s3-integrator-0: 15:27:28 ERROR juju.worker.dependency "log-sender" manifold worker returned unexpected error: sending log message: websocket: close 1005 (no status): websocket: close sent
unit-nginx-ingress-integrator-0: 15:27:29 ERROR juju.worker.dependency "log-sender" manifold worker returned unexpected error: sending log message: websocket: close 1005 (no status): websocket: close sent
model-09c35fe3-9398-4745-8d9e-808f38599627: 15:27:30 ERROR juju.worker.dependency "log-sender" manifold worker returned unexpected error: sending log message: websocket: close 1005 (no status): write tcp 10.1.100.202:56990->10.152.183.166:17070: write: connection reset by peer
unit-penpot-0: 15:27:30 ERROR juju.worker.dependency "log-sender" manifold worker returned unexpected error: sending log message: websocket: close sent
unit-smtp-integrator-0: 15:27:31 ERROR juju.worker.dependency "log-sender" manifold worker returned unexpected error: sending log message: websocket: close 1005 (no status): websocket: close sent
unit-penpot-1: 15:27:32 ERROR juju.worker.dependency "log-sender" manifold worker returned unexpected error: sending log message: websocket: close 1005 (no status): websocket: close sent
unit-redis-k8s-0: 15:27:46 ERROR juju.worker.dependency "log-sender" manifold worker returned unexpected error: sending log message: websocket: close 1005 (no status): websocket: close sent
model-09c35fe3-9398-4745-8d9e-808f38599627: 15:29:23 ERROR juju.worker.dependency "log-sender" manifold worker returned unexpected error: sending log message: websocket: close 1005 (no status): websocket: close sent
unit-penpot-0: 15:29:23 ERROR juju.worker.dependency "log-sender" manifold worker returned unexpected error: sending log message: websocket: close 1005 (no status): websocket: close sent
unit-smtp-integrator-0: 15:29:31 ERROR juju.worker.dependency "log-sender" manifold worker returned unexpected error: sending log message: websocket: close 1005 (no status): websocket: close sent
unit-nginx-ingress-integrator-0: 15:29:36 ERROR juju.worker.dependency "log-sender" manifold worker returned unexpected error: sending log message: websocket: close 1005 (no status): websocket: close sent
unit-s3-integrator-0: 15:29:38 ERROR juju.worker.dependency "log-sender" manifold worker returned unexpected error: sending log message: websocket: close 1005 (no status): write tcp 10.1.100.224:54598->10.152.183.166:17070: write: connection reset by peer
unit-identity-platform-login-ui-operator-0: 15:30:42 ERROR juju.worker.dependency "log-sender" manifold worker returned unexpected error: sending log message: websocket: close 1005 (no status): websocket: close sent
unit-penpot-0: 15:31:04 ERROR juju.worker.dependency "log-sender" manifold worker returned unexpected error: sending log message: websocket: close 1005 (no status): websocket: close sent
model-09c35fe3-9398-4745-8d9e-808f38599627: 15:32:22 ERROR juju.worker.dependency "log-sender" manifold worker returned unexpected error: sending log message: websocket: close 1005 (no status): websocket: close sent
unit-penpot-1: 15:35:54 ERROR juju.worker.dependency "log-sender" manifold worker returned unexpected error: sending log message: websocket: close 1005 (no status): websocket: close sent
unit-redis-k8s-0: 15:36:06 ERROR juju.worker.dependency "log-sender" manifold worker returned unexpected error: sending log message: websocket: close 1005 (no status): websocket: close sent
unit-self-signed-certificates-0: 15:39:17 ERROR juju.worker.dependency "log-sender" manifold worker returned unexpected error: sending log message: websocket: close 1005 (no status): websocket: close sent
unit-kratos-0: 15:39:21 ERROR juju.worker.dependency "log-sender" manifold worker returned unexpected error: sending log message: websocket: close 1005 (no status): websocket: close sent

[32mINFO    [0m pytest_operator.plugin:plugin.py:1039 Forgetting model main...