[32mINFO    [0m integration.test_charm:test_charm.py:39 copying oauth ca cert into penpot/0
[32mINFO    [0m integration.test_charm:test_charm.py:59 copying oauth ca cert into penpot/0 result: -----BEGIN CERTIFICATE-----
MIIDZzCCAk+gAwIBAgIUDFVLqpdsq7PbtvtsNa2KUvRLdLkwDQYJKoZIhvcNAQEL
BQAwOTELMAkGA1UEBhMCVVMxKjAoBgNVBAMMIXNlbGYtc2lnbmVkLWNlcnRpZmlj
YXRlcy1vcGVyYXRvcjAeFw0yNTEyMDYxNTIyNTBaFw0yNjEyMDYxNTIyNTBaMDkx
CzAJBgNVBAYTAlVTMSowKAYDVQQDDCFzZWxmLXNpZ25lZC1jZXJ0aWZpY2F0ZXMt
b3BlcmF0b3IwggEiMA0GCSqGSIb3DQEBAQUAA4IBDwAwggEKAoIBAQCPtPEqCBqd
3ddPBrxMd3vdIneFJJdijoHXOw/1trOfP83VRR3OM0q2NPJr1x9XAqy/HE42t6cf
6MT6KbNk2Uv+VZMIKnlDAM2lDCrp9FJuV1dOvTM7/AD3FvKtFDI8wvYm6IrGXkx8
BzvraIzLlrXwizawAdlFp2cBckYiq0EQKXcSMo5aowQLVHFgEp3yCKcrTeiZvoIu
/aFWSQ/S6Zaz1uF+u7pLF7V3j3AkDghi+lIeXtAmjFq40cZ5YZ2i2OzdwvR+Jb4T
k90imbnCbqrwfyH9IW+TEQzYKTx+rLaVsltpZFw9nW7Tt4XRh4+DUPMS9HQMuJj5
6VrAhjpVyzgFAgMBAAGjZzBlMB8GA1UdDgQYBBYEFJ3xBxat2iRnaNplQ4qF4Ckw
a+ONMCEGA1UdIwQaMBiAFgQUnfEHFq3aJGdo2mVDioXgKTBr440wDgYDVR0PAQH/
BAQDAgKkMA8GA1UdEwEB/wQFMAMBAf8wDQYJKoZIhvcNAQELBQADggEBAI0BaX15
ULqcVwCgKJluAR4lpN4PU/HBey2x/zwMk53F1Dbsi4syWRj/3vM6qdljvWN5FToB
lStKR+HwmkH+lVhFhQcQrl11WBKEd3gTXLSjeqBYJkzmfy0EF54DrVEOjcQ1SNW7
P8+s49jAVEWzQrmH1qTJy6YzsgpVM0zsz+/QoQtzoOYc3qewI/0KKp0Q8/AKTmJL
lhCkteir6fLpbexHRSB9ZuUjdQ8TmlgXvDyHhUHY5pY/bwhOIRk+bRuqyKYDkfVn
ZceYKCwhKChHGXcVZk7/qtR6aelvE5OVs5kZzSsJ0gVFEy8fpCeoPuw7HwvkrIZS
L6t695e/VOPa4f4=
-----END CERTIFICATE-----

[32mINFO    [0m integration.test_charm:test_charm.py:60 installing oauth ca cert into penpot/penpot/0 java trust
[32mINFO    [0m integration.test_charm:test_charm.py:78 keytool import result: 0, , Warning: use -cacerts option to access cacerts keystore
Certificate was added to keystore

[32mINFO    [0m integration.test_charm:test_charm.py:79 restart penpot backend in penpot/penpot/0
[32mINFO    [0m integration.test_charm:test_charm.py:39 copying oauth ca cert into penpot/1
[32mINFO    [0m integration.test_charm:test_charm.py:59 copying oauth ca cert into penpot/1 result: -----BEGIN CERTIFICATE-----
MIIDZzCCAk+gAwIBAgIUDFVLqpdsq7PbtvtsNa2KUvRLdLkwDQYJKoZIhvcNAQEL
BQAwOTELMAkGA1UEBhMCVVMxKjAoBgNVBAMMIXNlbGYtc2lnbmVkLWNlcnRpZmlj
YXRlcy1vcGVyYXRvcjAeFw0yNTEyMDYxNTIyNTBaFw0yNjEyMDYxNTIyNTBaMDkx
CzAJBgNVBAYTAlVTMSowKAYDVQQDDCFzZWxmLXNpZ25lZC1jZXJ0aWZpY2F0ZXMt
b3BlcmF0b3IwggEiMA0GCSqGSIb3DQEBAQUAA4IBDwAwggEKAoIBAQCPtPEqCBqd
3ddPBrxMd3vdIneFJJdijoHXOw/1trOfP83VRR3OM0q2NPJr1x9XAqy/HE42t6cf
6MT6KbNk2Uv+VZMIKnlDAM2lDCrp9FJuV1dOvTM7/AD3FvKtFDI8wvYm6IrGXkx8
BzvraIzLlrXwizawAdlFp2cBckYiq0EQKXcSMo5aowQLVHFgEp3yCKcrTeiZvoIu
/aFWSQ/S6Zaz1uF+u7pLF7V3j3AkDghi+lIeXtAmjFq40cZ5YZ2i2OzdwvR+Jb4T
k90imbnCbqrwfyH9IW+TEQzYKTx+rLaVsltpZFw9nW7Tt4XRh4+DUPMS9HQMuJj5
6VrAhjpVyzgFAgMBAAGjZzBlMB8GA1UdDgQYBBYEFJ3xBxat2iRnaNplQ4qF4Ckw
a+ONMCEGA1UdIwQaMBiAFgQUnfEHFq3aJGdo2mVDioXgKTBr440wDgYDVR0PAQH/
BAQDAgKkMA8GA1UdEwEB/wQFMAMBAf8wDQYJKoZIhvcNAQELBQADggEBAI0BaX15
ULqcVwCgKJluAR4lpN4PU/HBey2x/zwMk53F1Dbsi4syWRj/3vM6qdljvWN5FToB
lStKR+HwmkH+lVhFhQcQrl11WBKEd3gTXLSjeqBYJkzmfy0EF54DrVEOjcQ1SNW7
P8+s49jAVEWzQrmH1qTJy6YzsgpVM0zsz+/QoQtzoOYc3qewI/0KKp0Q8/AKTmJL
lhCkteir6fLpbexHRSB9ZuUjdQ8TmlgXvDyHhUHY5pY/bwhOIRk+bRuqyKYDkfVn
ZceYKCwhKChHGXcVZk7/qtR6aelvE5OVs5kZzSsJ0gVFEy8fpCeoPuw7HwvkrIZS
L6t695e/VOPa4f4=
-----END CERTIFICATE-----

[32mINFO    [0m integration.test_charm:test_charm.py:60 installing oauth ca cert into penpot/penpot/1 java trust
[32mINFO    [0m integration.test_charm:test_charm.py:78 keytool import result: 0, , Warning: use -cacerts option to access cacerts keystore
Certificate was added to keystore

[32mINFO    [0m integration.test_charm:test_charm.py:79 restart penpot backend in penpot/penpot/1
[33mWARNING [0m juju.model:model.py:1564 relate is deprecated and will be removed. Use integrate instead.
[32mINFO    [0m juju.model:model.py:2972 Waiting for model:
  minio/0 [idle] active: 
  hydra/0 [executing] active: 
  identity-platform-login-ui-operator/0 [idle] active: 
  kratos/0 [idle] active: 
  kratos-external-idp-integrator/0 [idle] active: Provider is ready
  postgresql-k8s/0 [idle] active: Primary
  self-signed-certificates/0 [idle] active: 
  traefik-admin/0 [idle] active: 
  traefik-public/0 [idle] active: 
  penpot/0 [executing] active: 
  penpot/1 [executing] active: 
  redis-k8s/0 [idle] active: 
  smtp-integrator/0 [idle] active: 
  s3-integrator/0 [idle] active: 
  nginx-ingress-integrator/0 [idle] active: Ingress IP(s): 127.0.0.1
[32mINFO    [0m juju.model:model.py:2972 Waiting for model:
  penpot/0 [executing] waiting: waiting for penpot services
  penpot/1 [executing] waiting: waiting for penpot services
[32mINFO    [0m juju.model:model.py:2972 Waiting for model:
  penpot/0 [executing] waiting: waiting for penpot services
  penpot/1 [executing] waiting: waiting for penpot services
[32mINFO    [0m juju.model:model.py:2972 Waiting for model:
  penpot/0 [idle] waiting: waiting for penpot services
  penpot/1 [idle] waiting: waiting for penpot services
[32mINFO    [0m juju.model:model.py:2972 Waiting for model:
  penpot/0 [idle] waiting: waiting for penpot services
  penpot/1 [idle] waiting: waiting for penpot services
[32mINFO    [0m juju.model:model.py:2972 Waiting for model:
  penpot/0 [idle] waiting: waiting for penpot services
  penpot/1 [idle] waiting: waiting for penpot services
[32mINFO    [0m juju.model:model.py:2972 Waiting for model:
  penpot/0 [executing] waiting: waiting for penpot services
  penpot/1 [executing] waiting: waiting for penpot services
[32mINFO    [0m juju.model:model.py:2972 Waiting for model:
  penpot/0 [executing] waiting: waiting for penpot services
  penpot/1 [executing] waiting: waiting for penpot services
[32mINFO    [0m juju.model:model.py:2972 Waiting for model:
  kratos/0 [idle] active: 
  penpot/0 [idle] active: 
  penpot/1 [idle] active: 
[32mINFO    [0m oauth_tools.oauth_helpers:oauth_helpers.py:181 Choose external provider
[32mINFO    [0m oauth_tools.oauth_helpers:oauth_helpers.py:186 Completing the login flow on the external provider
[32mINFO    [0m oauth_tools.external_idp:external_idp.py:214 Signing in to dex
[32mINFO    [0m httpx:_client.py:1025 HTTP Request: GET https://10.1.0.203:16443/api/v1/namespaces/dex/services/dex "HTTP/1.1 200 OK"
[1m[31mERROR   [0m integration.test_charm:test_charm.py:255 login failed, retry in 60 seconds
Traceback (most recent call last):
  File "/home/runner/work/penpot-operator/penpot-operator/tests/integration/test_charm.py", line 253, in test_oauth
    await expect(page).to_have_url(re.compile("^https://penpot\\.local/#/auth/register.*"))
  File "/home/runner/work/penpot-operator/penpot-operator/.tox/integration/lib/python3.12/site-packages/playwright/async_api/_generated.py", line 18989, in to_have_url
    await self._impl_obj.to_have_url(
  File "/home/runner/work/penpot-operator/penpot-operator/.tox/integration/lib/python3.12/site-packages/playwright/_impl/_assertions.py", line 147, in to_have_url
    await self._expect_impl(
  File "/home/runner/work/penpot-operator/penpot-operator/.tox/integration/lib/python3.12/site-packages/playwright/_impl/_assertions.py", line 85, in _expect_impl
    raise AssertionError(
AssertionError: Page URL expected to be 're.compile('^https://penpot\\.local/#/auth/register.*')'
Actual value: https://penpot.local/#/auth/login?error=unable-to-auth&hint=%28certificate_unknown%29+PKIX+path+building+failed%3A+sun.security.provider.certpath.SunCertPathBuilderException%3A+unable+to+find+valid+certification+path+to+requested+target 
Call log:
  - Expect "to_have_url" with timeout 5000ms
    - waiting for" https://10.64.140.44/testing-hydra/oauth2/auth?client_id=ce7705b5-cd2d-46a9-b7ed-50514c65dbd3&consent_verifier=mokiuAysJBbRVlj-K-q9EkRY7nQQra61EtnqCDBio2-fGfwHlfKHlxYXUvbe9ZlOh_pbJLEh6PDXugwaplTkqoZHâ€¦" navigation to finish...
    - navigated to "https://penpot.local/#/auth/login?error=unable-to-auth&hint=%28certificate_unknown%29+PKIX+path+building+failed%3A+sun.security.provider.certpath.SunCertPathBuilderException%3A+unable+to+find+valid+câ€¦"
    3 Ã— unexpected value "https://penpot.local/#/auth/login?error=unable-to-auth&hint=%28certificate_unknown%29+PKIX+path+building+failed%3A+sun.security.provider.certpath.SunCertPathBuilderException%3A+unable+to+find+valid+certification+path+to+requested+target"

[32mINFO    [0m oauth_tools.oauth_helpers:oauth_helpers.py:181 Choose external provider
[1m[31mERROR   [0m integration.test_charm:test_charm.py:252 failed to complete login, maybe already logged in, skipping
Traceback (most recent call last):
  File "/home/runner/work/penpot-operator/penpot-operator/tests/integration/test_charm.py", line 246, in test_oauth
    await complete_auth_code_login(
  File "/home/runner/work/penpot-operator/penpot-operator/.tox/integration/lib/python3.12/site-packages/oauth_tools/oauth_helpers.py", line 182, in complete_auth_code_login
    await expect(page).to_have_url(re.compile(rf"{expected_url}*"))
  File "/home/runner/work/penpot-operator/penpot-operator/.tox/integration/lib/python3.12/site-packages/playwright/async_api/_generated.py", line 18989, in to_have_url
    await self._impl_obj.to_have_url(
  File "/home/runner/work/penpot-operator/penpot-operator/.tox/integration/lib/python3.12/site-packages/playwright/_impl/_assertions.py", line 147, in to_have_url
    await self._expect_impl(
  File "/home/runner/work/penpot-operator/penpot-operator/.tox/integration/lib/python3.12/site-packages/playwright/_impl/_assertions.py", line 85, in _expect_impl
    raise AssertionError(
AssertionError: Page URL expected to be 're.compile('https://10.64.140.44/testing-identity-platform-login-ui-operator/ui/login*')'
Actual value: https://penpot.local/#/auth/login?error=unable-to-auth&hint=%28certificate_unknown%29+PKIX+path+building+failed%3A+sun.security.provider.certpath.SunCertPathBuilderException%3A+unable+to+find+valid+certification+path+to+requested+target 
Call log:
  - Expect "to_have_url" with timeout 5000ms
    - waiting for" https://penpot.local/api/auth/oauth/oidc/callback?code=ory_ac_a1-Xhskb5ir4C6dAjCpUNhW5rkGWFf_E8elI3t7athI.z8NM4iTFxKL1DWLJGeBZ5nyVuLBcNVLn2AJ_7AAm4yw&scope=profile+email+openid&state=eyJhbGciOiJBMjU2â€¦" navigation to finish...
    - navigated to "https://penpot.local/#/auth/login?error=unable-to-auth&hint=%28certificate_unknown%29+PKIX+path+building+failed%3A+sun.security.provider.certpath.SunCertPathBuilderException%3A+unable+to+find+valid+câ€¦"
    6 Ã— unexpected value "https://penpot.local/#/auth/login?error=unable-to-auth&hint=%28certificate_unknown%29+PKIX+path+building+failed%3A+sun.security.provider.certpath.SunCertPathBuilderException%3A+unable+to+find+valid+certification+path+to+requested+target"

[1m[31mERROR   [0m integration.test_charm:test_charm.py:255 login failed, retry in 60 seconds
Traceback (most recent call last):
  File "/home/runner/work/penpot-operator/penpot-operator/tests/integration/test_charm.py", line 253, in test_oauth
    await expect(page).to_have_url(re.compile("^https://penpot\\.local/#/auth/register.*"))
  File "/home/runner/work/penpot-operator/penpot-operator/.tox/integration/lib/python3.12/site-packages/playwright/async_api/_generated.py", line 18989, in to_have_url
    await self._impl_obj.to_have_url(
  File "/home/runner/work/penpot-operator/penpot-operator/.tox/integration/lib/python3.12/site-packages/playwright/_impl/_assertions.py", line 147, in to_have_url
    await self._expect_impl(
  File "/home/runner/work/penpot-operator/penpot-operator/.tox/integration/lib/python3.12/site-packages/playwright/_impl/_assertions.py", line 85, in _expect_impl
    raise AssertionError(
AssertionError: Page URL expected to be 're.compile('^https://penpot\\.local/#/auth/register.*')'
Actual value: https://penpot.local/#/auth/login?error=unable-to-auth&hint=%28certificate_unknown%29+PKIX+path+building+failed%3A+sun.security.provider.certpath.SunCertPathBuilderException%3A+unable+to+find+valid+certification+path+to+requested+target 
Call log:
  - Expect "to_have_url" with timeout 5000ms
    9 Ã— unexpected value "https://penpot.local/#/auth/login?error=unable-to-auth&hint=%28certificate_unknown%29+PKIX+path+building+failed%3A+sun.security.provider.certpath.SunCertPathBuilderException%3A+unable+to+find+valid+certification+path+to+requested+target"

[32mINFO    [0m oauth_tools.oauth_helpers:oauth_helpers.py:181 Choose external provider
[1m[31mERROR   [0m integration.test_charm:test_charm.py:252 failed to complete login, maybe already logged in, skipping
Traceback (most recent call last):
  File "/home/runner/work/penpot-operator/penpot-operator/tests/integration/test_charm.py", line 246, in test_oauth
    await complete_auth_code_login(
  File "/home/runner/work/penpot-operator/penpot-operator/.tox/integration/lib/python3.12/site-packages/oauth_tools/oauth_helpers.py", line 182, in complete_auth_code_login
    await expect(page).to_have_url(re.compile(rf"{expected_url}*"))
  File "/home/runner/work/penpot-operator/penpot-operator/.tox/integration/lib/python3.12/site-packages/playwright/async_api/_generated.py", line 18989, in to_have_url
    await self._impl_obj.to_have_url(
  File "/home/runner/work/penpot-operator/penpot-operator/.tox/integration/lib/python3.12/site-packages/playwright/_impl/_assertions.py", line 147, in to_have_url
    await self._expect_impl(
  File "/home/runner/work/penpot-operator/penpot-operator/.tox/integration/lib/python3.12/site-packages/playwright/_impl/_assertions.py", line 85, in _expect_impl
    raise AssertionError(
AssertionError: Page URL expected to be 're.compile('https://10.64.140.44/testing-identity-platform-login-ui-operator/ui/login*')'
Actual value: https://penpot.local/#/auth/login?error=unable-to-auth&hint=%28certificate_unknown%29+PKIX+path+building+failed%3A+sun.security.provider.certpath.SunCertPathBuilderException%3A+unable+to+find+valid+certification+path+to+requested+target 
Call log:
  - Expect "to_have_url" with timeout 5000ms
    - waiting for" https://penpot.local/" navigation to finish...
    - navigated to "https://penpot.local/#/auth/login?error=unable-to-auth&hint=%28certificate_unknown%29+PKIX+path+building+failed%3A+sun.security.provider.certpath.SunCertPathBuilderException%3A+unable+to+find+valid+câ€¦"
    6 Ã— unexpected value "https://penpot.local/#/auth/login?error=unable-to-auth&hint=%28certificate_unknown%29+PKIX+path+building+failed%3A+sun.security.provider.certpath.SunCertPathBuilderException%3A+unable+to+find+valid+certification+path+to+requested+target"

[1m[31mERROR   [0m integration.test_charm:test_charm.py:255 login failed, retry in 60 seconds
Traceback (most recent call last):
  File "/home/runner/work/penpot-operator/penpot-operator/tests/integration/test_charm.py", line 253, in test_oauth
    await expect(page).to_have_url(re.compile("^https://penpot\\.local/#/auth/register.*"))
  File "/home/runner/work/penpot-operator/penpot-operator/.tox/integration/lib/python3.12/site-packages/playwright/async_api/_generated.py", line 18989, in to_have_url
    await self._impl_obj.to_have_url(
  File "/home/runner/work/penpot-operator/penpot-operator/.tox/integration/lib/python3.12/site-packages/playwright/_impl/_assertions.py", line 147, in to_have_url
    await self._expect_impl(
  File "/home/runner/work/penpot-operator/penpot-operator/.tox/integration/lib/python3.12/site-packages/playwright/_impl/_assertions.py", line 85, in _expect_impl
    raise AssertionError(
AssertionError: Page URL expected to be 're.compile('^https://penpot\\.local/#/auth/register.*')'
Actual value: https://penpot.local/#/auth/login?error=unable-to-auth&hint=%28certificate_unknown%29+PKIX+path+building+failed%3A+sun.security.provider.certpath.SunCertPathBuilderException%3A+unable+to+find+valid+certification+path+to+requested+target 
Call log:
  - Expect "to_have_url" with timeout 5000ms
    9 Ã— unexpected value "https://penpot.local/#/auth/login?error=unable-to-auth&hint=%28certificate_unknown%29+PKIX+path+building+failed%3A+sun.security.provider.certpath.SunCertPathBuilderException%3A+unable+to+find+valid+certification+path+to+requested+target"

[32mINFO    [0m oauth_tools.oauth_helpers:oauth_helpers.py:181 Choose external provider
[1m[31mERROR   [0m integration.test_charm:test_charm.py:252 failed to complete login, maybe already logged in, skipping
Traceback (most recent call last):
  File "/home/runner/work/penpot-operator/penpot-operator/tests/integration/test_charm.py", line 246, in test_oauth
    await complete_auth_code_login(
  File "/home/runner/work/penpot-operator/penpot-operator/.tox/integration/lib/python3.12/site-packages/oauth_tools/oauth_helpers.py", line 182, in complete_auth_code_login
    await expect(page).to_have_url(re.compile(rf"{expected_url}*"))
  File "/home/runner/work/penpot-operator/penpot-operator/.tox/integration/lib/python3.12/site-packages/playwright/async_api/_generated.py", line 18989, in to_have_url
    await self._impl_obj.to_have_url(
  File "/home/runner/work/penpot-operator/penpot-operator/.tox/integration/lib/python3.12/site-packages/playwright/_impl/_assertions.py", line 147, in to_have_url
    await self._expect_impl(
  File "/home/runner/work/penpot-operator/penpot-operator/.tox/integration/lib/python3.12/site-packages/playwright/_impl/_assertions.py", line 85, in _expect_impl
    raise AssertionError(
AssertionError: Page URL expected to be 're.compile('https://10.64.140.44/testing-identity-platform-login-ui-operator/ui/login*')'
Actual value: https://penpot.local/#/auth/login?error=unable-to-auth&hint=%28certificate_unknown%29+PKIX+path+building+failed%3A+sun.security.provider.certpath.SunCertPathBuilderException%3A+unable+to+find+valid+certification+path+to+requested+target 
Call log:
  - Expect "to_have_url" with timeout 5000ms
    - waiting for" https://penpot.local/api/auth/oauth/oidc/callback?code=ory_ac_3Ld2BwyoiQGXToV5dNyO7NNZu-prHCBlCRaOhOyiuH0.o37hncYbzXSx72P6iAuvmt2Az7oQojKBchzVcXKxxC4&scope=profile+email+openid&state=eyJhbGciOiJBMjU2â€¦" navigation to finish...
    - navigated to "https://penpot.local/#/auth/login?error=unable-to-auth&hint=%28certificate_unknown%29+PKIX+path+building+failed%3A+sun.security.provider.certpath.SunCertPathBuilderException%3A+unable+to+find+valid+câ€¦"
    6 Ã— unexpected value "https://penpot.local/#/auth/login?error=unable-to-auth&hint=%28certificate_unknown%29+PKIX+path+building+failed%3A+sun.security.provider.certpath.SunCertPathBuilderException%3A+unable+to+find+valid+certification+path+to+requested+target"

[1m[31mERROR   [0m integration.test_charm:test_charm.py:255 login failed, retry in 60 seconds
Traceback (most recent call last):
  File "/home/runner/work/penpot-operator/penpot-operator/tests/integration/test_charm.py", line 253, in test_oauth
    await expect(page).to_have_url(re.compile("^https://penpot\\.local/#/auth/register.*"))
  File "/home/runner/work/penpot-operator/penpot-operator/.tox/integration/lib/python3.12/site-packages/playwright/async_api/_generated.py", line 18989, in to_have_url
    await self._impl_obj.to_have_url(
  File "/home/runner/work/penpot-operator/penpot-operator/.tox/integration/lib/python3.12/site-packages/playwright/_impl/_assertions.py", line 147, in to_have_url
    await self._expect_impl(
  File "/home/runner/work/penpot-operator/penpot-operator/.tox/integration/lib/python3.12/site-packages/playwright/_impl/_assertions.py", line 85, in _expect_impl
    raise AssertionError(
AssertionError: Page URL expected to be 're.compile('^https://penpot\\.local/#/auth/register.*')'
Actual value: https://penpot.local/#/auth/login?error=unable-to-auth&hint=%28certificate_unknown%29+PKIX+path+building+failed%3A+sun.security.provider.certpath.SunCertPathBuilderException%3A+unable+to+find+valid+certification+path+to+requested+target 
Call log:
  - Expect "to_have_url" with timeout 5000ms
    9 Ã— unexpected value "https://penpot.local/#/auth/login?error=unable-to-auth&hint=%28certificate_unknown%29+PKIX+path+building+failed%3A+sun.security.provider.certpath.SunCertPathBuilderException%3A+unable+to+find+valid+certification+path+to+requested+target"

[32mINFO    [0m oauth_tools.oauth_helpers:oauth_helpers.py:181 Choose external provider
[1m[31mERROR   [0m integration.test_charm:test_charm.py:252 failed to complete login, maybe already logged in, skipping
Traceback (most recent call last):
  File "/home/runner/work/penpot-operator/penpot-operator/tests/integration/test_charm.py", line 246, in test_oauth
    await complete_auth_code_login(
  File "/home/runner/work/penpot-operator/penpot-operator/.tox/integration/lib/python3.12/site-packages/oauth_tools/oauth_helpers.py", line 182, in complete_auth_code_login
    await expect(page).to_have_url(re.compile(rf"{expected_url}*"))
  File "/home/runner/work/penpot-operator/penpot-operator/.tox/integration/lib/python3.12/site-packages/playwright/async_api/_generated.py", line 18989, in to_have_url
    await self._impl_obj.to_have_url(
  File "/home/runner/work/penpot-operator/penpot-operator/.tox/integration/lib/python3.12/site-packages/playwright/_impl/_assertions.py", line 147, in to_have_url
    await self._expect_impl(
  File "/home/runner/work/penpot-operator/penpot-operator/.tox/integration/lib/python3.12/site-packages/playwright/_impl/_assertions.py", line 85, in _expect_impl
    raise AssertionError(
AssertionError: Page URL expected to be 're.compile('https://10.64.140.44/testing-identity-platform-login-ui-operator/ui/login*')'
Actual value: https://penpot.local/#/auth/login?error=unable-to-auth&hint=%28certificate_unknown%29+PKIX+path+building+failed%3A+sun.security.provider.certpath.SunCertPathBuilderException%3A+unable+to+find+valid+certification+path+to+requested+target 
Call log:
  - Expect "to_have_url" with timeout 5000ms
    2 Ã— unexpected value "https://10.64.140.44/testing-identity-platform-login-ui-operator/ui/consent?consent_challenge=GSOrimQ7xElhtm2gz5Q-8-8Zzs9Jm0z7E0eE2J2dsWbbdAbp-VYmPBoHm7ME6NUcoZ9ZyXP34a7WyuD5wieBwPKiN1xRDeJcj2XwqWVWebLXgEKs8ETtZRyeDId_q0rF5H5g0UU_Vyo27PVjxBOMBUFrkdHac10MugyZl2cQ2DATrFWjZJ3lhwFmWDWm2UVvuDX5ynZ9_vdSrkLoa1QicWOLk9O0F8Wm03tyr_g0jtHdf3GPK_KYBjZ5XolBJhwMCTpdVzgdKN9_Tsbze9eE-5_ocQq6hFr3gFn2zFY1Jkc5Zm1VHoB5vaWXvTP3jwgNLnCpg_qjbkjM5s_m1oHv_zDAXlkky0jG50HrBUYkxWHTKcQrq8eQ5iS7fu36zloxwNsVeyDzerEDkmHbZdoZ9U8VFKBPrwjQP7XDOf2bgQIygoTezY8hO6b7U0dmn-oRc37rFzrU8p-1nMKdGb5DSMkYjWQfZH-SM_Khc-IlCWr90adMckypSa1SreJVmqhfy9c1o7Fz54E6Xb_jJMaZd-UCDnShuJROFGIb0U0WLGGUf_OiwXX8q4KoW5Z8Ed6PfzezlkcWHyg-wy03hzSSAnRwc-lmgcUA4v2Rz8AkTBkphHd1zwA73uZjbUDn3bj9fP4RK5Un9Ep7oVEF-zswcuKU7dxvBCK1Q4PjgV6AOPhz6buxwf6_LeBHnOPePnTeCDQfGs9UXR1l_h3NRJ3rV39OUpgDi1oUGKkEbddCtW-uxvuTXfG5aHw8223e8-ANCGdBR1lnpo_OENpVt5qzZZ6RKeCIPkXkF_Hk--CdjWoRcSc2-CURtcf-kslRWrBwttrMrbMBliKTDCUh-41Wo6bgDROXZc4S_uayRwUlw5r81_E1oUA7IqwIQqxI5u57OR1OzFl4nKXI5WTK1gjvdD39EiL6VITM9u39fqw4Jh3vw3poDDqrqWTN1ba_WEdqlsHGCwebDmDdb81TEJYJXR94oGVsJb5d0JUh_iYLTMbkNHeSL4M97F6xXtQ7XaTvGks1aK30jad0Cswyk6VnV6Lpx3WiaiQWLb9CPGtXs0Tw5pyc9bN1h3RShaUvvFswbP-n5y7-4tsS0NRPzFdTMgXyABwAVpdsVz9VOnb-MwIf5YCrldlx-vl43SxHCggUgv5UJ4FCLkXTn2o15jaPiTyajZ77tlY0S0cJHC-dwjKy9bXQ8WQ0K64cFIoxygCKT6xTJ-wugJp0YkKB2XCrIwGsFmnRDK1EY9rJ29ZnkI6qSkiRSIkOkQWjYKUVuJA82-oH9fORrMavZXOAsrLbozn6iQ7-TWQc7ArdC5FYhHVO9no-9DoJbkQQh-R-glPQr48LP58yqGI5SgSDNEY1NOEaiQbJoJU5VG6AobV8G2Jc0STMngKEnA6VbhaucxZuoADqoJvNmCI8omt5rSfGM8t7JjaKJgMVNMM9ujTKkpje1fRO7wRr0js5fNyz6FzROQih4UeCzMFhNHQBCs0zSLyByUd1CYjK0XIz3qamDUKkCrg2uA2o36-yuL1pyf0sY9p3xdnBL3GMc6DToI2nV3FAaYPgSMwiF4jlNNrON-SwgdRiqbZ8H_B15xWYY8Ej0c931J6lcZ5tM0bwDwmMHOmUHTZrhjVMLTKRC6YQkS9KK1U0eFvFzth9eOCbvL0NoBfOEjd2f4uVjA692C_mlLpn9RaIz513jJ7UVSpdf0nz07PiQpYH-xSh5LPy6MKnSaGnJRSI2drgJQe2mRcwgBmQXF5Jd2-pVDsjs-tbbDb3aFpSnTQvwnL7nYyufNhU6dUfeiOyqgqeyKchUHEKC8PTF-CUyQ-ZnpppJ8UjUIBykmOTnPwGF7CTfpASl6Jf7Eqv4IZgHjOUtv0_Y63UxA0ySqJah2VvCpPfsv82dnTFMbiRYM-X1rEZiqTW-taAbkVK_gKLGVpfoy6L_ayHDjmwOihdoGPQMnsXZY3Y0TTBBxSoYPbXYymYvaJHaTCL86yNkKEHKKOMfbk7VLTLvVIaaQ%3D%3D"
    5 Ã— unexpected value "https://penpot.local/#/auth/login?error=unable-to-auth&hint=%28certificate_unknown%29+PKIX+path+building+failed%3A+sun.security.provider.certpath.SunCertPathBuilderException%3A+unable+to+find+valid+certification+path+to+requested+target"

[1m[31mERROR   [0m integration.test_charm:test_charm.py:255 login failed, retry in 60 seconds
Traceback (most recent call last):
  File "/home/runner/work/penpot-operator/penpot-operator/tests/integration/test_charm.py", line 253, in test_oauth
    await expect(page).to_have_url(re.compile("^https://penpot\\.local/#/auth/register.*"))
  File "/home/runner/work/penpot-operator/penpot-operator/.tox/integration/lib/python3.12/site-packages/playwright/async_api/_generated.py", line 18989, in to_have_url
    await self._impl_obj.to_have_url(
  File "/home/runner/work/penpot-operator/penpot-operator/.tox/integration/lib/python3.12/site-packages/playwright/_impl/_assertions.py", line 147, in to_have_url
    await self._expect_impl(
  File "/home/runner/work/penpot-operator/penpot-operator/.tox/integration/lib/python3.12/site-packages/playwright/_impl/_assertions.py", line 85, in _expect_impl
    raise AssertionError(
AssertionError: Page URL expected to be 're.compile('^https://penpot\\.local/#/auth/register.*')'
Actual value: https://penpot.local/#/auth/login?error=unable-to-auth&hint=%28certificate_unknown%29+PKIX+path+building+failed%3A+sun.security.provider.certpath.SunCertPathBuilderException%3A+unable+to+find+valid+certification+path+to+requested+target 
Call log:
  - Expect "to_have_url" with timeout 5000ms
    9 Ã— unexpected value "https://penpot.local/#/auth/login?error=unable-to-auth&hint=%28certificate_unknown%29+PKIX+path+building+failed%3A+sun.security.provider.certpath.SunCertPathBuilderException%3A+unable+to+find+valid+certification+path+to+requested+target"
[32mINFO    [0m pytest_operator.plugin:plugin.py:951 Model status:

Model    Controller                Cloud/Region        Version  SLA          Timestamp
testing  github-pr-b631b-microk8s  microk8s/localhost  3.6.12   unsupported  15:43:32Z

App                                  Version                Status  Scale  Charm                                Channel         Rev  Address         Exposed  Message
hydra                                v2.3.0                 active      1  hydra                                latest/edge     339  10.152.183.165  no       
identity-platform-login-ui-operator  0.21.2                 active      1  identity-platform-login-ui-operator  latest/edge     146  10.152.183.205  no       
kratos                               v1.3.1                 active      1  kratos                               latest/edge     500  10.152.183.194  no       
kratos-external-idp-integrator                              active      1  kratos-external-idp-integrator       latest/edge     245  10.152.183.223  no       Provider is ready
minio                                res:oci-image@220b31a  active      1  minio                                ckf-1.9/stable  383  10.152.183.150  no       
nginx-ingress-integrator             24.2.0                 active      1  nginx-ingress-integrator             latest/edge     109  10.152.183.112  no       Ingress IP(s): 127.0.0.1
penpot                                                      active      2  penpot                                                 0  10.152.183.131  no       
postgresql-k8s                       14.15                  active      1  postgresql-k8s                       14/stable       495  10.152.183.135  no       
redis-k8s                            7.2.5                  active      1  redis-k8s                            latest/edge      42  10.152.183.49   no       
s3-integrator                                               active      1  s3-integrator                        latest/stable   145  10.152.183.136  no       
self-signed-certificates                                    active      1  self-signed-certificates             latest/stable   155  10.152.183.38   no       
smtp-integrator                                             active      1  smtp-integrator                      latest/stable    93  10.152.183.174  no       
traefik-admin                        v2.11.0                active      1  traefik-k8s                          latest/stable   176  10.64.140.45    no       
traefik-public                       v2.11.0                active      1  traefik-k8s                          latest/stable   176  10.64.140.44    no       

Unit                                    Workload  Agent  Address       Ports          Message
hydra/0*                                active    idle   10.1.106.145                 
identity-platform-login-ui-operator/0*  active    idle   10.1.106.151                 
kratos-external-idp-integrator/0*       active    idle   10.1.106.147                 Provider is ready
kratos/0*                               active    idle   10.1.106.155                 
minio/0*                                active    idle   10.1.106.142  9000-9001/TCP  
nginx-ingress-integrator/0*             active    idle   10.1.106.162                 Ingress IP(s): 127.0.0.1
penpot/0*                               active    idle   10.1.106.158                 
penpot/1                                active    idle   10.1.106.159                 
postgresql-k8s/0*                       active    idle   10.1.106.150                 Primary
redis-k8s/0*                            active    idle   10.1.106.164                 
s3-integrator/0*                        active    idle   10.1.106.160                 
self-signed-certificates/0*             active    idle   10.1.106.148                 
smtp-integrator/0*                      active    idle   10.1.106.161                 
traefik-admin/0*                        active    idle   10.1.106.156                 
traefik-public/0*                       active    idle   10.1.106.154                 

[32mINFO    [0m pytest_operator.plugin:plugin.py:957 Juju error logs:

unit-kratos-0: 15:22:49 ERROR juju.worker.uniter pebble poll failed for container "kratos": failed to send pebble-ready event: terminated
unit-postgresql-k8s-0: 15:23:02 ERROR juju.worker.dependency "log-sender" manifold worker returned unexpected error: sending log message: websocket: close 1005 (no status): websocket: close sent
unit-identity-platform-login-ui-operator-0: 15:23:02 ERROR juju.worker.dependency "log-sender" manifold worker returned unexpected error: sending log message: websocket: close 1005 (no status): websocket: close sent
unit-hydra-0: 15:23:03 ERROR juju.worker.dependency "log-sender" manifold worker returned unexpected error: sending log message: websocket: close 1005 (no status): websocket: close sent
model-fb2eecd5-8eed-4c2f-84cc-14bc3fe715b6: 15:23:03 ERROR juju.worker.dependency "log-sender" manifold worker returned unexpected error: sending log message: websocket: close 1005 (no status): write tcp 10.1.106.138:57068->10.152.183.139:17070: write: connection reset by peer
unit-self-signed-certificates-0: 15:23:10 ERROR juju.worker.dependency "log-sender" manifold worker returned unexpected error: sending log message: websocket: close 1005 (no status): websocket: close sent
unit-kratos-external-idp-integrator-0: 15:23:20 ERROR juju.worker.dependency "log-sender" manifold worker returned unexpected error: sending log message: websocket: close 1005 (no status): write tcp 10.1.106.147:51900->10.152.183.139:17070: write: connection reset by peer
model-fb2eecd5-8eed-4c2f-84cc-14bc3fe715b6: 15:23:21 ERROR juju.worker.dependency "log-sender" manifold worker returned unexpected error: sending log message: websocket: close 1005 (no status): websocket: close sent
unit-hydra-0: 15:23:21 ERROR juju.worker.dependency "log-sender" manifold worker returned unexpected error: sending log message: websocket: close 1005 (no status): websocket: close sent
unit-kratos-0: 15:23:21 ERROR juju.worker.dependency "log-sender" manifold worker returned unexpected error: sending log message: websocket: close 1005 (no status): websocket: close sent
unit-postgresql-k8s-0: 15:23:21 ERROR juju.worker.dependency "log-sender" manifold worker returned unexpected error: sending log message: websocket: close 1005 (no status): websocket: close sent
unit-traefik-public-0: 15:23:21 ERROR juju.worker.dependency "log-sender" manifold worker returned unexpected error: sending log message: websocket: close 1005 (no status): websocket: close sent
unit-identity-platform-login-ui-operator-0: 15:23:22 ERROR juju.worker.dependency "log-sender" manifold worker returned unexpected error: sending log message: websocket: close 1005 (no status): write tcp 10.1.106.151:35840->10.152.183.139:17070: write: connection reset by peer
unit-traefik-admin-0: 15:23:23 ERROR juju.worker.dependency "log-sender" manifold worker returned unexpected error: sending log message: websocket: close 1005 (no status): websocket: close sent
application-minio: 15:25:59 ERROR juju.worker.dependency "log-sender" manifold worker returned unexpected error: sending log message: websocket: close 1005 (no status): websocket: close sent
unit-kratos-0: 15:26:13 ERROR juju.worker.dependency "log-sender" manifold worker returned unexpected error: sending log message: websocket: close 1005 (no status): websocket: close sent
model-fb2eecd5-8eed-4c2f-84cc-14bc3fe715b6: 15:26:13 ERROR juju.worker.dependency "log-sender" manifold worker returned unexpected error: sending log message: websocket: close 1005 (no status): write tcp 10.1.106.138:33548->10.152.183.139:17070: write: connection reset by peer
unit-traefik-public-0: 15:26:15 ERROR juju.worker.dependency "log-sender" manifold worker returned unexpected error: sending log message: websocket: close 1005 (no status): websocket: close sent
unit-postgresql-k8s-0: 15:26:19 ERROR juju.worker.dependency "log-sender" manifold worker returned unexpected error: sending log message: websocket: close 1005 (no status): websocket: close sent
unit-traefik-admin-0: 15:26:19 ERROR juju.worker.dependency "log-sender" manifold worker returned unexpected error: sending log message: websocket: close 1005 (no status): websocket: close sent
unit-identity-platform-login-ui-operator-0: 15:26:23 ERROR juju.worker.dependency "log-sender" manifold worker returned unexpected error: sending log message: websocket: close 1005 (no status): websocket: close sent
unit-hydra-0: 15:26:26 ERROR juju.worker.dependency "log-sender" manifold worker returned unexpected error: sending log message: websocket: close 1005 (no status): write tcp 10.1.106.145:54862->10.152.183.139:17070: write: connection reset by peer
unit-kratos-external-idp-integrator-0: 15:26:28 ERROR juju.worker.dependency "log-sender" manifold worker returned unexpected error: sending log message: websocket: close 1005 (no status): websocket: close sent
model-fb2eecd5-8eed-4c2f-84cc-14bc3fe715b6: 15:27:49 ERROR juju.worker.dependency "log-sender" manifold worker returned unexpected error: sending log message: websocket: close 1005 (no status): websocket: close sent
unit-traefik-public-0: 15:27:52 ERROR juju.worker.dependency "log-sender" manifold worker returned unexpected error: sending log message: websocket: close 1005 (no status): websocket: close sent
unit-kratos-0: 15:28:05 ERROR juju.worker.dependency "log-sender" manifold worker returned unexpected error: sending log message: websocket: close 1005 (no status): websocket: close sent
model-fb2eecd5-8eed-4c2f-84cc-14bc3fe715b6: 15:29:59 ERROR juju.worker.dependency "log-sender" manifold worker returned unexpected error: sending log message: websocket: close 1005 (no status): websocket: close sent
unit-penpot-0: 15:30:26 ERROR juju.worker.dependency "log-sender" manifold worker returned unexpected error: sending log message: websocket: close 1005 (no status): websocket: close sent
unit-penpot-1: 15:30:26 ERROR juju.worker.dependency "log-sender" manifold worker returned unexpected error: sending log message: websocket: close 1005 (no status): websocket: close sent
unit-postgresql-k8s-0: 15:30:33 ERROR juju.worker.dependency "log-sender" manifold worker returned unexpected error: sending log message: websocket: close 1005 (no status): websocket: close sent
unit-smtp-integrator-0: 15:30:36 ERROR juju.worker.dependency "log-sender" manifold worker returned unexpected error: sending log message: websocket: close 1005 (no status): write tcp 10.1.106.161:51196->10.152.183.139:17070: write: connection reset by peer
unit-s3-integrator-0: 15:30:36 ERROR juju.worker.dependency "log-sender" manifold worker returned unexpected error: sending log message: websocket: close 1005 (no status): websocket: close sent
unit-traefik-admin-0: 15:30:39 ERROR juju.worker.dependency "log-sender" manifold worker returned unexpected error: sending log message: websocket: close 1005 (no status): websocket: close sent
unit-redis-k8s-0: 15:30:39 ERROR juju.worker.dependency "log-sender" manifold worker returned unexpected error: sending log message: websocket: close 1005 (no status): websocket: close sent
model-fb2eecd5-8eed-4c2f-84cc-14bc3fe715b6: 15:30:39 ERROR juju.worker.dependency "log-sender" manifold worker returned unexpected error: sending log message: websocket: close 1005 (no status): websocket: close sent
unit-nginx-ingress-integrator-0: 15:30:39 ERROR juju.worker.dependency "log-sender" manifold worker returned unexpected error: sending log message: websocket: close 1005 (no status): websocket: close sent
unit-kratos-0: 15:30:45 ERROR juju.worker.dependency "log-sender" manifold worker returned unexpected error: sending log message: websocket: close 1005 (no status): websocket: close sent
unit-penpot-1: 15:31:16 ERROR juju.worker.dependency "log-sender" manifold worker returned unexpected error: sending log message: websocket: close 1005 (no status): websocket: close sent
unit-penpot-0: 15:31:16 ERROR juju.worker.dependency "log-sender" manifold worker returned unexpected error: sending log message: websocket: close 1005 (no status): websocket: close sent
unit-smtp-integrator-0: 15:31:36 ERROR juju.worker.dependency "log-sender" manifold worker returned unexpected error: sending log message: websocket: close 1005 (no status): websocket: close sent
unit-traefik-admin-0: 15:31:39 ERROR juju.worker.dependency "log-sender" manifold worker returned unexpected error: sending log message: websocket: close 1005 (no status): websocket: close sent
unit-s3-integrator-0: 15:31:46 ERROR juju.worker.dependency "log-sender" manifold worker returned unexpected error: sending log message: websocket: close 1005 (no status): websocket: close sent
model-fb2eecd5-8eed-4c2f-84cc-14bc3fe715b6: 15:31:50 ERROR juju.worker.dependency "log-sender" manifold worker returned unexpected error: sending log message: websocket: close 1005 (no status): write tcp 10.1.106.138:50956->10.152.183.139:17070: write: broken pipe
unit-redis-k8s-0: 15:31:53 ERROR juju.worker.dependency "log-sender" manifold worker returned unexpected error: sending log message: websocket: close 1005 (no status): websocket: close sent
unit-nginx-ingress-integrator-0: 15:31:55 ERROR juju.worker.dependency "log-sender" manifold worker returned unexpected error: sending log message: websocket: close 1005 (no status): websocket: close sent
unit-kratos-0: 15:31:55 ERROR juju.worker.dependency "log-sender" manifold worker returned unexpected error: sending log message: websocket: close 1005 (no status): websocket: close sent
unit-self-signed-certificates-0: 15:33:08 ERROR juju.worker.dependency "log-sender" manifold worker returned unexpected error: sending log message: websocket: close 1005 (no status): websocket: close sent
unit-hydra-0: 15:34:11 ERROR juju.worker.dependency "log-sender" manifold worker returned unexpected error: sending log message: websocket: close 1005 (no status): websocket: close sent
unit-identity-platform-login-ui-operator-0: 15:34:13 ERROR juju.worker.dependency "log-sender" manifold worker returned unexpected error: sending log message: websocket: close 1005 (no status): websocket: close sent
model-fb2eecd5-8eed-4c2f-84cc-14bc3fe715b6: 15:34:14 ERROR juju.worker.dependency "log-sender" manifold worker returned unexpected error: sending log message: websocket: close 1005 (no status): write tcp 10.1.106.138:57350->10.152.183.139:17070: write: connection reset by peer
unit-nginx-ingress-integrator-0: 15:34:25 ERROR juju.worker.dependency "log-sender" manifold worker returned unexpected error: sending log message: websocket: close 1005 (no status): websocket: close sent
unit-kratos-0: 15:34:25 ERROR juju.worker.dependency "log-sender" manifold worker returned unexpected error: sending log message: websocket: close 1005 (no status): write tcp 10.1.106.155:38660->10.152.183.139:17070: write: connection reset by peer
unit-s3-integrator-0: 15:34:26 ERROR juju.worker.dependency "log-sender" manifold worker returned unexpected error: sending log message: websocket: close 1005 (no status): websocket: close sent
unit-kratos-external-idp-integrator-0: 15:34:30 ERROR juju.worker.dependency "log-sender" manifold worker returned unexpected error: sending log message: websocket: close 1005 (no status): write tcp 10.1.106.147:60646->10.152.183.139:17070: write: connection reset by peer
unit-redis-k8s-0: 15:34:33 ERROR juju.worker.dependency "log-sender" manifold worker returned unexpected error: sending log message: websocket: close 1005 (no status): websocket: close sent
unit-penpot-0: 15:36:15 ERROR juju.worker.dependency "log-sender" manifold worker returned unexpected error: sending log message: websocket: close 1005 (no status): websocket: close sent
unit-penpot-1: 15:36:17 ERROR juju.worker.dependency "log-sender" manifold worker returned unexpected error: sending log message: websocket: close 1005 (no status): websocket: close sent
model-fb2eecd5-8eed-4c2f-84cc-14bc3fe715b6: 15:37:15 ERROR juju.worker.dependency "log-sender" manifold worker returned unexpected error: sending log message: websocket: close 1005 (no status): websocket: close sent
unit-kratos-0: 15:41:35 ERROR juju.worker.dependency "log-sender" manifold worker returned unexpected error: sending log message: websocket: close 1005 (no status): websocket: close sent
unit-s3-integrator-0: 15:41:36 ERROR juju.worker.dependency "log-sender" manifold worker returned unexpected error: sending log message: websocket: close 1005 (no status): websocket: close sent
unit-kratos-external-idp-integrator-0: 15:41:40 ERROR juju.worker.dependency "log-sender" manifold worker returned unexpected error: sending log message: websocket: close 1005 (no status): websocket: close sent
unit-redis-k8s-0: 15:41:43 ERROR juju.worker.dependency "log-sender" manifold worker returned unexpected error: sending log message: websocket: close 1005 (no status): write tcp 10.1.106.164:38356->10.152.183.139:17070: write: connection reset by peer
unit-nginx-ingress-integrator-0: 15:41:45 ERROR juju.worker.dependency "log-sender" manifold worker returned unexpected error: sending log message: websocket: close 1005 (no status): write tcp 10.1.106.162:52688->10.152.183.139:17070: write: connection reset by peer
unit-traefik-public-0: 15:42:54 ERROR juju.worker.dependency "log-sender" manifold worker returned unexpected error: sending log message: websocket: close 1005 (no status): websocket: close sent
unit-traefik-admin-0: 15:43:00 ERROR juju.worker.dependency "log-sender" manifold worker returned unexpected error: sending log message: websocket: close 1005 (no status): websocket: close sent
unit-smtp-integrator-0: 15:43:16 ERROR juju.worker.dependency "log-sender" manifold worker returned unexpected error: sending log message: websocket: close 1005 (no status): websocket: close sent

[32mINFO    [0m pytest_operator.plugin:plugin.py:1039 Forgetting model main...